TN:
SF:Jobs\index.js
FN:4,(anonymous_0)
FNF:1
FNH:0
FNDA:0,(anonymous_0)
DA:4,0
DA:5,0
DA:6,0
LF:3
LH:0
BRF:0
BRH:0
end_of_record
TN:
SF:Jobs\paymentExpiryScheduler.js
FN:10,(anonymous_0)
FN:27,(anonymous_1)
FN:42,(anonymous_2)
FN:57,(anonymous_3)
FN:82,(anonymous_4)
FN:90,(anonymous_5)
FN:103,(anonymous_6)
FN:110,(anonymous_7)
FN:117,(anonymous_8)
FNF:9
FNH:0
FNDA:0,(anonymous_0)
FNDA:0,(anonymous_1)
FNDA:0,(anonymous_2)
FNDA:0,(anonymous_3)
FNDA:0,(anonymous_4)
FNDA:0,(anonymous_5)
FNDA:0,(anonymous_6)
FNDA:0,(anonymous_7)
FNDA:0,(anonymous_8)
DA:7,0
DA:10,0
DA:11,0
DA:12,0
DA:15,0
DA:16,0
DA:19,0
DA:20,0
DA:23,0
DA:27,0
DA:28,0
DA:29,0
DA:31,0
DA:32,0
DA:35,0
DA:36,0
DA:38,0
DA:42,0
DA:43,0
DA:44,0
DA:46,0
DA:47,0
DA:48,0
DA:49,0
DA:51,0
DA:57,0
DA:58,0
DA:59,0
DA:61,0
DA:62,0
DA:64,0
DA:65,0
DA:66,0
DA:68,0
DA:72,0
DA:74,0
DA:77,0
DA:82,0
DA:84,0
DA:85,0
DA:88,0
DA:90,0
DA:91,0
DA:92,0
DA:98,0
DA:101,0
DA:102,0
DA:103,0
DA:104,0
DA:110,0
DA:111,0
DA:117,0
DA:118,0
DA:119,0
LF:54
LH:0
BRDA:11,0,0,0
BRDA:11,0,1,0
BRDA:11,1,0,0
BRDA:11,1,1,0
BRDA:15,2,0,0
BRDA:15,2,1,0
BRDA:15,3,0,0
BRDA:15,3,1,0
BRDA:19,4,0,0
BRDA:19,4,1,0
BRDA:19,5,0,0
BRDA:19,5,1,0
BRDA:31,6,0,0
BRDA:31,6,1,0
BRDA:31,7,0,0
BRDA:31,7,1,0
BRDA:84,8,0,0
BRDA:84,8,1,0
BRDA:101,9,0,0
BRDA:101,9,1,0
BRF:20
BRH:0
end_of_record
TN:
SF:Jobs\timesheetCleanup.js
FN:7,(anonymous_0)
FN:10,(anonymous_1)
FN:18,(anonymous_2)
FN:68,(anonymous_3)
FNF:4
FNH:0
FNDA:0,(anonymous_0)
FNDA:0,(anonymous_1)
FNDA:0,(anonymous_2)
FNDA:0,(anonymous_3)
DA:7,0
DA:8,0
DA:9,0
DA:10,0
DA:12,0
DA:13,0
DA:18,0
DA:19,0
DA:21,0
DA:22,0
DA:23,0
DA:25,0
DA:26,0
DA:27,0
DA:30,0
DA:37,0
DA:38,0
DA:40,0
DA:42,0
DA:43,0
DA:44,0
DA:45,0
DA:47,0
DA:50,0
DA:51,0
DA:52,0
DA:56,0
DA:60,0
DA:63,0
DA:68,0
DA:70,0
DA:75,0
LF:32
LH:0
BRDA:50,0,0,0
BRDA:50,0,1,0
BRF:2
BRH:0
end_of_record
TN:
SF:config\db.js
FN:14,(anonymous_0)
FN:33,(anonymous_1)
FN:53,(anonymous_2)
FN:86,(anonymous_3)
FN:109,(anonymous_4)
FNF:5
FNH:0
FNDA:0,(anonymous_0)
FNDA:0,(anonymous_1)
FNDA:0,(anonymous_2)
FNDA:0,(anonymous_3)
FNDA:0,(anonymous_4)
DA:5,0
DA:8,0
DA:11,0
DA:14,0
DA:15,0
DA:17,0
DA:24,0
DA:25,0
DA:27,0
DA:28,0
DA:33,0
DA:34,0
DA:35,0
DA:39,0
DA:42,0
DA:43,0
DA:44,0
DA:48,0
DA:50,0
DA:53,0
DA:54,0
DA:56,0
DA:57,0
DA:58,0
DA:60,0
DA:61,0
DA:63,0
DA:66,0
DA:67,0
DA:68,0
DA:69,0
DA:70,0
DA:74,0
DA:76,0
DA:77,0
DA:81,0
DA:86,0
DA:87,0
DA:88,0
DA:92,0
DA:93,0
DA:96,0
DA:99,0
DA:100,0
DA:102,0
DA:103,0
DA:109,0
DA:110,0
DA:111,0
DA:112,0
DA:114,0
LF:51
LH:0
BRDA:34,0,0,0
BRDA:34,0,1,0
BRDA:42,1,0,0
BRDA:42,1,1,0
BRDA:54,2,0,0
BRDA:54,2,1,0
BRDA:57,3,0,0
BRDA:57,3,1,0
BRDA:60,4,0,0
BRDA:60,4,1,0
BRDA:68,5,0,0
BRDA:68,5,1,0
BRDA:92,6,0,0
BRDA:92,6,1,0
BRDA:96,7,0,0
BRDA:96,7,1,0
BRF:16
BRH:0
end_of_record
TN:
SF:config\multerConfig.js
FNF:0
FNH:0
LF:0
LH:0
BRF:0
BRH:0
end_of_record
TN:
SF:config\payment.js
FN:43,(anonymous_0)
FN:48,(anonymous_1)
FN:53,(anonymous_2)
FN:59,(anonymous_3)
FN:80,(anonymous_4)
FN:90,(anonymous_5)
FNF:6
FNH:0
FNDA:0,(anonymous_0)
FNDA:0,(anonymous_1)
FNDA:0,(anonymous_2)
FNDA:0,(anonymous_3)
FNDA:0,(anonymous_4)
FNDA:0,(anonymous_5)
DA:4,0
DA:7,0
DA:43,0
DA:44,0
DA:48,0
DA:49,0
DA:53,0
DA:54,0
DA:55,0
DA:59,0
DA:60,0
DA:61,0
DA:66,0
DA:67,0
DA:71,0
DA:73,0
DA:74,0
DA:80,0
DA:81,0
DA:82,0
DA:86,0
DA:90,0
DA:91,0
LF:23
LH:0
BRDA:13,0,0,0
BRDA:13,0,1,0
BRDA:14,1,0,0
BRDA:14,1,1,0
BRDA:73,2,0,0
BRDA:73,2,1,0
BRDA:81,3,0,0
BRDA:81,3,1,0
BRDA:81,4,0,0
BRDA:81,4,1,0
BRF:10
BRH:0
end_of_record
TN:
SF:config\s3Config.js
FN:6,(anonymous_0)
FN:41,(anonymous_1)
FN:45,(anonymous_2)
FN:67,(anonymous_3)
FN:80,(anonymous_4)
FN:83,(anonymous_5)
FN:90,(anonymous_6)
FN:113,(anonymous_7)
FN:115,(anonymous_8)
FN:139,(anonymous_9)
FN:152,(anonymous_10)
FN:159,(anonymous_11)
FN:183,(anonymous_12)
FNF:13
FNH:0
FNDA:0,(anonymous_0)
FNDA:0,(anonymous_1)
FNDA:0,(anonymous_2)
FNDA:0,(anonymous_3)
FNDA:0,(anonymous_4)
FNDA:0,(anonymous_5)
FNDA:0,(anonymous_6)
FNDA:0,(anonymous_7)
FNDA:0,(anonymous_8)
FNDA:0,(anonymous_9)
FNDA:0,(anonymous_10)
FNDA:0,(anonymous_11)
FNDA:0,(anonymous_12)
DA:6,0
DA:7,0
DA:8,0
DA:9,0
DA:10,0
DA:11,0
DA:16,0
DA:17,0
DA:24,0
DA:27,0
DA:35,0
DA:38,0
DA:43,0
DA:45,0
DA:46,0
DA:47,0
DA:48,0
DA:49,0
DA:52,0
DA:54,0
DA:57,0
DA:59,0
DA:60,0
DA:61,0
DA:63,0
DA:64,0
DA:68,0
DA:79,0
DA:81,0
DA:84,0
DA:85,0
DA:90,0
DA:91,0
DA:93,0
DA:94,0
DA:96,0
DA:101,0
DA:105,0
DA:107,0
DA:110,0
DA:115,0
DA:116,0
DA:117,0
DA:118,0
DA:120,0
DA:121,0
DA:124,0
DA:126,0
DA:129,0
DA:131,0
DA:132,0
DA:133,0
DA:135,0
DA:136,0
DA:140,0
DA:151,0
DA:153,0
DA:154,0
DA:155,0
DA:157,0
DA:160,0
DA:161,0
DA:165,0
DA:174,0
DA:183,0
DA:184,0
DA:187,0
DA:190,0
DA:192,0
DA:193,0
DA:194,0
DA:196,0
DA:200,0
DA:201,0
DA:202,0
LF:75
LH:0
BRDA:28,0,0,0
BRDA:28,0,1,0
BRDA:35,1,0,0
BRDA:35,1,1,0
BRDA:38,2,0,0
BRDA:38,2,1,0
BRDA:43,3,0,0
BRDA:43,3,1,0
BRDA:47,4,0,0
BRDA:47,4,1,0
BRDA:49,5,0,0
BRDA:49,5,1,0
BRDA:49,5,2,0
BRDA:52,6,0,0
BRDA:52,6,1,0
BRDA:60,7,0,0
BRDA:60,7,1,0
BRDA:71,8,0,0
BRDA:71,8,1,0
BRDA:73,9,0,0
BRDA:73,9,1,0
BRDA:93,10,0,0
BRDA:93,10,1,0
BRDA:101,11,0,0
BRDA:101,11,1,0
BRDA:101,11,2,0
BRDA:101,11,3,0
BRDA:105,12,0,0
BRDA:105,12,1,0
BRDA:107,13,0,0
BRDA:107,13,1,0
BRDA:110,14,0,0
BRDA:110,14,1,0
BRDA:117,15,0,0
BRDA:117,15,1,0
BRDA:120,16,0,0
BRDA:120,16,1,0
BRDA:120,17,0,0
BRDA:120,17,1,0
BRDA:132,18,0,0
BRDA:132,18,1,0
BRDA:154,19,0,0
BRDA:154,19,1,0
BRDA:175,20,0,0
BRDA:175,20,1,0
BRDA:184,21,0,0
BRDA:184,21,1,0
BRDA:187,22,0,0
BRDA:187,22,1,0
BRDA:190,23,0,0
BRDA:190,23,1,0
BRDA:190,24,0,0
BRDA:190,24,1,0
BRDA:192,25,0,0
BRDA:192,25,1,0
BRDA:193,26,0,0
BRDA:193,26,1,0
BRDA:200,27,0,0
BRDA:200,27,1,0
BRDA:201,28,0,0
BRDA:201,28,1,0
BRF:61
BRH:0
end_of_record
TN:
SF:controllers\PayrollController.js
FN:8,(anonymous_0)
FN:27,(anonymous_1)
FN:55,(anonymous_2)
FN:98,(anonymous_3)
FN:129,(anonymous_4)
FN:180,(anonymous_5)
FN:226,(anonymous_6)
FN:267,(anonymous_7)
FN:297,(anonymous_8)
FN:342,(anonymous_9)
FN:363,(anonymous_10)
FN:364,(anonymous_11)
FN:387,(anonymous_12)
FN:417,(anonymous_13)
FN:456,(anonymous_14)
FN:484,(anonymous_15)
FN:509,(anonymous_16)
FN:539,(anonymous_17)
FN:584,(anonymous_18)
FN:605,(anonymous_19)
FN:606,(anonymous_20)
FN:629,(anonymous_21)
FN:659,(anonymous_22)
FN:698,(anonymous_23)
FN:726,(anonymous_24)
FN:751,(anonymous_25)
FN:783,(anonymous_26)
FN:844,(anonymous_27)
FN:873,(anonymous_28)
FN:874,(anonymous_29)
FN:890,(anonymous_30)
FN:923,(anonymous_31)
FN:985,(anonymous_32)
FN:1041,(anonymous_33)
FN:1072,(anonymous_34)
FN:1086,(anonymous_35)
FN:1087,(anonymous_36)
FN:1103,(anonymous_37)
FN:1136,(anonymous_38)
FN:1216,(anonymous_39)
FN:1244,(anonymous_40)
FN:1264,(anonymous_41)
FN:1295,(anonymous_42)
FN:1297,(anonymous_43)
FN:1323,(anonymous_44)
FN:1343,(anonymous_45)
FN:1344,(anonymous_46)
FN:1367,(anonymous_47)
FN:1395,(anonymous_48)
FN:1398,(anonymous_49)
FN:1435,(anonymous_50)
FN:1491,(anonymous_51)
FN:1495,(anonymous_52)
FN:1499,(anonymous_53)
FN:1505,(anonymous_54)
FN:1507,(anonymous_55)
FN:1508,(anonymous_56)
FN:1519,(anonymous_57)
FN:1524,(anonymous_58)
FN:1569,(anonymous_59)
FN:1635,(anonymous_60)
FN:1651,(anonymous_61)
FN:1652,(anonymous_62)
FN:1663,(anonymous_63)
FN:1691,(anonymous_64)
FN:1758,(anonymous_65)
FN:1791,(anonymous_66)
FN:1813,(anonymous_67)
FN:1886,getMonthName
FNF:69
FNH:0
FNDA:0,(anonymous_0)
FNDA:0,(anonymous_1)
FNDA:0,(anonymous_2)
FNDA:0,(anonymous_3)
FNDA:0,(anonymous_4)
FNDA:0,(anonymous_5)
FNDA:0,(anonymous_6)
FNDA:0,(anonymous_7)
FNDA:0,(anonymous_8)
FNDA:0,(anonymous_9)
FNDA:0,(anonymous_10)
FNDA:0,(anonymous_11)
FNDA:0,(anonymous_12)
FNDA:0,(anonymous_13)
FNDA:0,(anonymous_14)
FNDA:0,(anonymous_15)
FNDA:0,(anonymous_16)
FNDA:0,(anonymous_17)
FNDA:0,(anonymous_18)
FNDA:0,(anonymous_19)
FNDA:0,(anonymous_20)
FNDA:0,(anonymous_21)
FNDA:0,(anonymous_22)
FNDA:0,(anonymous_23)
FNDA:0,(anonymous_24)
FNDA:0,(anonymous_25)
FNDA:0,(anonymous_26)
FNDA:0,(anonymous_27)
FNDA:0,(anonymous_28)
FNDA:0,(anonymous_29)
FNDA:0,(anonymous_30)
FNDA:0,(anonymous_31)
FNDA:0,(anonymous_32)
FNDA:0,(anonymous_33)
FNDA:0,(anonymous_34)
FNDA:0,(anonymous_35)
FNDA:0,(anonymous_36)
FNDA:0,(anonymous_37)
FNDA:0,(anonymous_38)
FNDA:0,(anonymous_39)
FNDA:0,(anonymous_40)
FNDA:0,(anonymous_41)
FNDA:0,(anonymous_42)
FNDA:0,(anonymous_43)
FNDA:0,(anonymous_44)
FNDA:0,(anonymous_45)
FNDA:0,(anonymous_46)
FNDA:0,(anonymous_47)
FNDA:0,(anonymous_48)
FNDA:0,(anonymous_49)
FNDA:0,(anonymous_50)
FNDA:0,(anonymous_51)
FNDA:0,(anonymous_52)
FNDA:0,(anonymous_53)
FNDA:0,(anonymous_54)
FNDA:0,(anonymous_55)
FNDA:0,(anonymous_56)
FNDA:0,(anonymous_57)
FNDA:0,(anonymous_58)
FNDA:0,(anonymous_59)
FNDA:0,(anonymous_60)
FNDA:0,(anonymous_61)
FNDA:0,(anonymous_62)
FNDA:0,(anonymous_63)
FNDA:0,(anonymous_64)
FNDA:0,(anonymous_65)
FNDA:0,(anonymous_66)
FNDA:0,(anonymous_67)
FNDA:0,getMonthName
DA:9,0
DA:11,0
DA:13,0
DA:14,0
DA:20,0
DA:23,0
DA:25,0
DA:26,0
DA:28,0
DA:38,0
DA:42,0
DA:48,0
DA:56,0
DA:58,0
DA:60,0
DA:61,0
DA:67,0
DA:70,0
DA:72,0
DA:83,0
DA:84,0
DA:85,0
DA:91,0
DA:99,0
DA:101,0
DA:103,0
DA:104,0
DA:110,0
DA:113,0
DA:115,0
DA:116,0
DA:122,0
DA:130,0
DA:132,0
DA:134,0
DA:135,0
DA:141,0
DA:144,0
DA:146,0
DA:154,0
DA:160,0
DA:161,0
DA:167,0
DA:173,0
DA:181,0
DA:183,0
DA:185,0
DA:186,0
DA:192,0
DA:195,0
DA:197,0
DA:198,0
DA:200,0
DA:206,0
DA:207,0
DA:213,0
DA:219,0
DA:227,0
DA:229,0
DA:231,0
DA:232,0
DA:238,0
DA:241,0
DA:243,0
DA:247,0
DA:248,0
DA:254,0
DA:259,0
DA:268,0
DA:270,0
DA:272,0
DA:273,0
DA:279,0
DA:282,0
DA:284,0
DA:285,0
DA:287,0
DA:288,0
DA:289,0
DA:290,0
DA:297,0
DA:299,0
DA:300,0
DA:302,0
DA:312,0
DA:314,0
DA:325,0
DA:326,0
DA:328,0
DA:334,0
DA:335,0
DA:343,0
DA:345,0
DA:347,0
DA:348,0
DA:354,0
DA:357,0
DA:359,0
DA:362,0
DA:363,0
DA:364,0
DA:365,0
DA:374,0
DA:380,0
DA:388,0
DA:390,0
DA:392,0
DA:393,0
DA:399,0
DA:402,0
DA:404,0
DA:405,0
DA:407,0
DA:409,0
DA:410,0
DA:411,0
DA:417,0
DA:418,0
DA:419,0
DA:426,0
DA:436,0
DA:438,0
DA:449,0
DA:457,0
DA:459,0
DA:461,0
DA:462,0
DA:468,0
DA:471,0
DA:473,0
DA:474,0
DA:476,0
DA:477,0
DA:478,0
DA:484,0
DA:485,0
DA:486,0
DA:493,0
DA:494,0
DA:496,0
DA:501,0
DA:510,0
DA:512,0
DA:514,0
DA:515,0
DA:521,0
DA:524,0
DA:526,0
DA:527,0
DA:529,0
DA:530,0
DA:531,0
DA:532,0
DA:539,0
DA:541,0
DA:542,0
DA:544,0
DA:554,0
DA:556,0
DA:567,0
DA:568,0
DA:570,0
DA:576,0
DA:577,0
DA:585,0
DA:587,0
DA:589,0
DA:590,0
DA:596,0
DA:599,0
DA:601,0
DA:604,0
DA:605,0
DA:606,0
DA:607,0
DA:616,0
DA:622,0
DA:630,0
DA:632,0
DA:634,0
DA:635,0
DA:641,0
DA:644,0
DA:646,0
DA:647,0
DA:649,0
DA:651,0
DA:652,0
DA:653,0
DA:659,0
DA:660,0
DA:661,0
DA:668,0
DA:678,0
DA:680,0
DA:691,0
DA:699,0
DA:701,0
DA:703,0
DA:704,0
DA:710,0
DA:713,0
DA:715,0
DA:716,0
DA:718,0
DA:719,0
DA:720,0
DA:726,0
DA:727,0
DA:728,0
DA:735,0
DA:736,0
DA:738,0
DA:743,0
DA:752,0
DA:754,0
DA:756,0
DA:758,0
DA:759,0
DA:765,0
DA:768,0
DA:770,0
DA:771,0
DA:773,0
DA:774,0
DA:775,0
DA:782,0
DA:783,0
DA:787,0
DA:805,0
DA:815,0
DA:817,0
DA:819,0
DA:822,0
DA:825,0
DA:827,0
DA:836,0
DA:837,0
DA:845,0
DA:847,0
DA:849,0
DA:851,0
DA:852,0
DA:858,0
DA:861,0
DA:863,0
DA:864,0
DA:865,0
DA:867,0
DA:868,0
DA:870,0
DA:871,0
DA:873,0
DA:874,0
DA:877,0
DA:878,0
DA:879,0
DA:882,0
DA:885,0
DA:886,0
DA:889,0
DA:890,0
DA:892,0
DA:894,0
DA:895,0
DA:896,0
DA:904,0
DA:905,0
DA:906,0
DA:916,0
DA:919,0
DA:922,0
DA:923,0
DA:925,0
DA:926,0
DA:928,0
DA:937,0
DA:940,0
DA:973,0
DA:974,0
DA:984,0
DA:985,0
DA:988,0
DA:1006,0
DA:1007,0
DA:1009,0
DA:1012,0
DA:1014,0
DA:1021,0
DA:1026,0
DA:1033,0
DA:1034,0
DA:1042,0
DA:1044,0
DA:1046,0
DA:1048,0
DA:1049,0
DA:1055,0
DA:1058,0
DA:1060,0
DA:1061,0
DA:1063,0
DA:1064,0
DA:1065,0
DA:1071,0
DA:1072,0
DA:1075,0
DA:1076,0
DA:1083,0
DA:1084,0
DA:1086,0
DA:1087,0
DA:1090,0
DA:1091,0
DA:1092,0
DA:1095,0
DA:1098,0
DA:1099,0
DA:1102,0
DA:1103,0
DA:1105,0
DA:1107,0
DA:1108,0
DA:1109,0
DA:1117,0
DA:1118,0
DA:1119,0
DA:1129,0
DA:1132,0
DA:1135,0
DA:1136,0
DA:1138,0
DA:1139,0
DA:1141,0
DA:1150,0
DA:1153,0
DA:1186,0
DA:1196,0
DA:1197,0
DA:1199,0
DA:1202,0
DA:1204,0
DA:1205,0
DA:1217,0
DA:1219,0
DA:1221,0
DA:1222,0
DA:1228,0
DA:1231,0
DA:1233,0
DA:1235,0
DA:1236,0
DA:1237,0
DA:1244,0
DA:1251,0
DA:1257,0
DA:1265,0
DA:1267,0
DA:1269,0
DA:1270,0
DA:1276,0
DA:1279,0
DA:1281,0
DA:1282,0
DA:1283,0
DA:1285,0
DA:1286,0
DA:1292,0
DA:1293,0
DA:1295,0
DA:1296,0
DA:1297,0
DA:1300,0
DA:1301,0
DA:1310,0
DA:1316,0
DA:1324,0
DA:1326,0
DA:1328,0
DA:1329,0
DA:1335,0
DA:1338,0
DA:1340,0
DA:1341,0
DA:1343,0
DA:1344,0
DA:1345,0
DA:1354,0
DA:1360,0
DA:1368,0
DA:1370,0
DA:1372,0
DA:1373,0
DA:1379,0
DA:1382,0
DA:1384,0
DA:1386,0
DA:1387,0
DA:1388,0
DA:1395,0
DA:1396,0
DA:1398,0
DA:1399,0
DA:1400,0
DA:1402,0
DA:1407,0
DA:1410,0
DA:1411,0
DA:1413,0
DA:1426,0
DA:1436,0
DA:1437,0
DA:1438,0
DA:1439,0
DA:1441,0
DA:1448,0
DA:1449,0
DA:1456,0
DA:1457,0
DA:1458,0
DA:1464,0
DA:1467,0
DA:1470,0
DA:1473,0
DA:1475,0
DA:1476,0
DA:1488,0
DA:1490,0
DA:1491,0
DA:1494,0
DA:1495,0
DA:1499,0
DA:1500,0
DA:1501,0
DA:1505,0
DA:1507,0
DA:1508,0
DA:1510,0
DA:1519,0
DA:1524,0
DA:1537,0
DA:1559,0
DA:1560,0
DA:1570,0
DA:1571,0
DA:1572,0
DA:1573,0
DA:1574,0
DA:1576,0
DA:1583,0
DA:1584,0
DA:1591,0
DA:1592,0
DA:1593,0
DA:1599,0
DA:1601,0
DA:1603,0
DA:1604,0
DA:1606,0
DA:1607,0
DA:1613,0
DA:1614,0
DA:1616,0
DA:1617,0
DA:1624,0
DA:1626,0
DA:1627,0
DA:1628,0
DA:1634,0
DA:1635,0
DA:1638,0
DA:1639,0
DA:1646,0
DA:1647,0
DA:1649,0
DA:1651,0
DA:1652,0
DA:1654,0
DA:1655,0
DA:1656,0
DA:1657,0
DA:1658,0
DA:1659,0
DA:1662,0
DA:1663,0
DA:1665,0
DA:1666,0
DA:1667,0
DA:1668,0
DA:1675,0
DA:1676,0
DA:1677,0
DA:1686,0
DA:1687,0
DA:1690,0
DA:1691,0
DA:1692,0
DA:1693,0
DA:1695,0
DA:1703,0
DA:1705,0
DA:1739,0
DA:1749,0
DA:1750,0
DA:1752,0
DA:1755,0
DA:1756,0
DA:1758,0
DA:1759,0
DA:1760,0
DA:1761,0
DA:1768,0
DA:1769,0
DA:1777,0
DA:1780,0
DA:1781,0
DA:1788,0
DA:1789,0
DA:1791,0
DA:1792,0
DA:1793,0
DA:1794,0
DA:1801,0
DA:1802,0
DA:1814,0
DA:1815,0
DA:1816,0
DA:1817,0
DA:1819,0
DA:1820,0
DA:1827,0
DA:1829,0
DA:1830,0
DA:1836,0
DA:1838,0
DA:1841,0
DA:1843,0
DA:1844,0
DA:1851,0
DA:1852,0
DA:1859,0
DA:1861,0
DA:1872,0
DA:1873,0
DA:1887,0
DA:1891,0
LF:546
LH:0
BRDA:13,0,0,0
BRDA:13,0,1,0
BRDA:30,1,0,0
BRDA:30,1,1,0
BRDA:31,2,0,0
BRDA:31,2,1,0
BRDA:32,3,0,0
BRDA:32,3,1,0
BRDA:33,4,0,0
BRDA:33,4,1,0
BRDA:60,5,0,0
BRDA:60,5,1,0
BRDA:74,6,0,0
BRDA:74,6,1,0
BRDA:75,7,0,0
BRDA:75,7,1,0
BRDA:76,8,0,0
BRDA:76,8,1,0
BRDA:77,9,0,0
BRDA:77,9,1,0
BRDA:103,10,0,0
BRDA:103,10,1,0
BRDA:134,11,0,0
BRDA:134,11,1,0
BRDA:150,12,0,0
BRDA:150,12,1,0
BRDA:151,13,0,0
BRDA:151,13,1,0
BRDA:160,14,0,0
BRDA:160,14,1,0
BRDA:185,15,0,0
BRDA:185,15,1,0
BRDA:206,16,0,0
BRDA:206,16,1,0
BRDA:231,17,0,0
BRDA:231,17,1,0
BRDA:247,18,0,0
BRDA:247,18,1,0
BRDA:272,19,0,0
BRDA:272,19,1,0
BRDA:288,20,0,0
BRDA:288,20,1,0
BRDA:299,21,0,0
BRDA:299,21,1,0
BRDA:306,22,0,0
BRDA:306,22,1,0
BRDA:307,23,0,0
BRDA:307,23,1,0
BRDA:308,24,0,0
BRDA:308,24,1,0
BRDA:309,25,0,0
BRDA:309,25,1,0
BRDA:318,26,0,0
BRDA:318,26,1,0
BRDA:319,27,0,0
BRDA:319,27,1,0
BRDA:320,28,0,0
BRDA:320,28,1,0
BRDA:321,29,0,0
BRDA:321,29,1,0
BRDA:347,30,0,0
BRDA:347,30,1,0
BRDA:392,31,0,0
BRDA:392,31,1,0
BRDA:410,32,0,0
BRDA:410,32,1,0
BRDA:418,33,0,0
BRDA:418,33,1,0
BRDA:427,34,0,0
BRDA:427,34,1,0
BRDA:430,35,0,0
BRDA:430,35,1,0
BRDA:431,36,0,0
BRDA:431,36,1,0
BRDA:432,37,0,0
BRDA:432,37,1,0
BRDA:433,38,0,0
BRDA:433,38,1,0
BRDA:433,39,0,0
BRDA:433,39,1,0
BRDA:441,40,0,0
BRDA:441,40,1,0
BRDA:461,41,0,0
BRDA:461,41,1,0
BRDA:477,42,0,0
BRDA:477,42,1,0
BRDA:485,43,0,0
BRDA:485,43,1,0
BRDA:514,44,0,0
BRDA:514,44,1,0
BRDA:530,45,0,0
BRDA:530,45,1,0
BRDA:541,46,0,0
BRDA:541,46,1,0
BRDA:548,47,0,0
BRDA:548,47,1,0
BRDA:549,48,0,0
BRDA:549,48,1,0
BRDA:550,49,0,0
BRDA:550,49,1,0
BRDA:551,50,0,0
BRDA:551,50,1,0
BRDA:560,51,0,0
BRDA:560,51,1,0
BRDA:561,52,0,0
BRDA:561,52,1,0
BRDA:562,53,0,0
BRDA:562,53,1,0
BRDA:563,54,0,0
BRDA:563,54,1,0
BRDA:589,55,0,0
BRDA:589,55,1,0
BRDA:634,56,0,0
BRDA:634,56,1,0
BRDA:652,57,0,0
BRDA:652,57,1,0
BRDA:660,58,0,0
BRDA:660,58,1,0
BRDA:669,59,0,0
BRDA:669,59,1,0
BRDA:672,60,0,0
BRDA:672,60,1,0
BRDA:673,61,0,0
BRDA:673,61,1,0
BRDA:674,62,0,0
BRDA:674,62,1,0
BRDA:675,63,0,0
BRDA:675,63,1,0
BRDA:683,64,0,0
BRDA:683,64,1,0
BRDA:703,65,0,0
BRDA:703,65,1,0
BRDA:719,66,0,0
BRDA:719,66,1,0
BRDA:727,67,0,0
BRDA:727,67,1,0
BRDA:758,68,0,0
BRDA:758,68,1,0
BRDA:774,69,0,0
BRDA:774,69,1,0
BRDA:783,70,0,0
BRDA:783,70,1,0
BRDA:797,71,0,0
BRDA:797,71,1,0
BRDA:817,72,0,0
BRDA:817,72,1,0
BRDA:851,73,0,0
BRDA:851,73,1,0
BRDA:892,74,0,0
BRDA:892,74,1,0
BRDA:892,75,0,0
BRDA:892,75,1,0
BRDA:932,76,0,0
BRDA:932,76,1,0
BRDA:985,77,0,0
BRDA:985,77,1,0
BRDA:1006,78,0,0
BRDA:1006,78,1,0
BRDA:1048,79,0,0
BRDA:1048,79,1,0
BRDA:1064,80,0,0
BRDA:1064,80,1,0
BRDA:1072,81,0,0
BRDA:1072,81,1,0
BRDA:1075,82,0,0
BRDA:1075,82,1,0
BRDA:1075,83,0,0
BRDA:1075,83,1,0
BRDA:1083,84,0,0
BRDA:1083,84,1,0
BRDA:1105,85,0,0
BRDA:1105,85,1,0
BRDA:1105,86,0,0
BRDA:1105,86,1,0
BRDA:1145,87,0,0
BRDA:1145,87,1,0
BRDA:1221,88,0,0
BRDA:1221,88,1,0
BRDA:1236,89,0,0
BRDA:1236,89,1,0
BRDA:1269,90,0,0
BRDA:1269,90,1,0
BRDA:1285,91,0,0
BRDA:1285,91,1,0
BRDA:1285,92,0,0
BRDA:1285,92,1,0
BRDA:1297,93,0,0
BRDA:1297,93,1,0
BRDA:1300,94,0,0
BRDA:1300,94,1,0
BRDA:1328,95,0,0
BRDA:1328,95,1,0
BRDA:1372,96,0,0
BRDA:1372,96,1,0
BRDA:1387,97,0,0
BRDA:1387,97,1,0
BRDA:1399,98,0,0
BRDA:1399,98,1,0
BRDA:1399,99,0,0
BRDA:1399,99,1,0
BRDA:1438,100,0,0
BRDA:1438,100,1,0
BRDA:1439,101,0,0
BRDA:1439,101,1,0
BRDA:1448,102,0,0
BRDA:1448,102,1,0
BRDA:1456,103,0,0
BRDA:1456,103,1,0
BRDA:1475,104,0,0
BRDA:1475,104,1,0
BRDA:1488,105,0,0
BRDA:1488,105,1,0
BRDA:1490,106,0,0
BRDA:1490,106,1,0
BRDA:1490,107,0,0
BRDA:1490,107,1,0
BRDA:1494,108,0,0
BRDA:1494,108,1,0
BRDA:1494,109,0,0
BRDA:1494,109,1,0
BRDA:1500,110,0,0
BRDA:1500,110,1,0
BRDA:1518,111,0,0
BRDA:1518,111,1,0
BRDA:1531,112,0,0
BRDA:1531,112,1,0
BRDA:1532,113,0,0
BRDA:1532,113,1,0
BRDA:1533,114,0,0
BRDA:1533,114,1,0
BRDA:1533,115,0,0
BRDA:1533,115,1,0
BRDA:1546,116,0,0
BRDA:1546,116,1,0
BRDA:1572,117,0,0
BRDA:1572,117,1,0
BRDA:1573,118,0,0
BRDA:1573,118,1,0
BRDA:1583,119,0,0
BRDA:1583,119,1,0
BRDA:1591,120,0,0
BRDA:1591,120,1,0
BRDA:1606,121,0,0
BRDA:1606,121,1,0
BRDA:1606,122,0,0
BRDA:1606,122,1,0
BRDA:1616,123,0,0
BRDA:1616,123,1,0
BRDA:1616,124,0,0
BRDA:1616,124,1,0
BRDA:1616,124,2,0
BRDA:1626,125,0,0
BRDA:1626,125,1,0
BRDA:1635,126,0,0
BRDA:1635,126,1,0
BRDA:1638,127,0,0
BRDA:1638,127,1,0
BRDA:1646,128,0,0
BRDA:1646,128,1,0
BRDA:1646,129,0,0
BRDA:1646,129,1,0
BRDA:1647,130,0,0
BRDA:1647,130,1,0
BRDA:1655,131,0,0
BRDA:1655,131,1,0
BRDA:1656,132,0,0
BRDA:1656,132,1,0
BRDA:1665,133,0,0
BRDA:1665,133,1,0
BRDA:1665,134,0,0
BRDA:1665,134,1,0
BRDA:1699,135,0,0
BRDA:1699,135,1,0
BRDA:1759,136,0,0
BRDA:1759,136,1,0
BRDA:1780,137,0,0
BRDA:1780,137,1,0
BRDA:1792,138,0,0
BRDA:1792,138,1,0
BRDA:1819,139,0,0
BRDA:1819,139,1,0
BRDA:1829,140,0,0
BRDA:1829,140,1,0
BRDA:1843,141,0,0
BRDA:1843,141,1,0
BRDA:1851,142,0,0
BRDA:1851,142,1,0
BRDA:1851,143,0,0
BRDA:1851,143,1,0
BRDA:1851,143,2,0
BRDA:1891,144,0,0
BRDA:1891,144,1,0
BRF:292
BRH:0
end_of_record
TN:
SF:controllers\applicantProfileController.js
FN:5,(anonymous_0)
FN:38,(anonymous_1)
FN:69,(anonymous_2)
FN:89,(anonymous_3)
FN:145,(anonymous_4)
FNF:5
FNH:0
FNDA:0,(anonymous_0)
FNDA:0,(anonymous_1)
FNDA:0,(anonymous_2)
FNDA:0,(anonymous_3)
FNDA:0,(anonymous_4)
DA:5,0
DA:6,0
DA:8,0
DA:10,0
DA:11,0
DA:17,0
DA:20,0
DA:23,0
DA:25,0
DA:26,0
DA:28,0
DA:29,0
DA:38,0
DA:39,0
DA:41,0
DA:43,0
DA:44,0
DA:50,0
DA:53,0
DA:56,0
DA:57,0
DA:59,0
DA:60,0
DA:62,0
DA:65,0
DA:66,0
DA:69,0
DA:73,0
DA:74,0
DA:80,0
DA:89,0
DA:90,0
DA:92,0
DA:94,0
DA:95,0
DA:101,0
DA:102,0
DA:103,0
DA:109,0
DA:112,0
DA:115,0
DA:117,0
DA:118,0
DA:124,0
DA:125,0
DA:127,0
DA:129,0
DA:130,0
DA:136,0
DA:145,0
DA:146,0
DA:148,0
DA:150,0
DA:151,0
DA:157,0
DA:158,0
DA:159,0
DA:165,0
DA:168,0
DA:171,0
DA:173,0
DA:174,0
DA:179,0
DA:181,0
LF:64
LH:0
BRDA:10,0,0,0
BRDA:10,0,1,0
BRDA:32,1,0,0
BRDA:32,1,1,0
BRDA:43,2,0,0
BRDA:43,2,1,0
BRDA:65,3,0,0
BRDA:65,3,1,0
BRDA:73,4,0,0
BRDA:73,4,1,0
BRDA:73,5,0,0
BRDA:73,5,1,0
BRDA:83,6,0,0
BRDA:83,6,1,0
BRDA:94,7,0,0
BRDA:94,7,1,0
BRDA:102,8,0,0
BRDA:102,8,1,0
BRDA:117,9,0,0
BRDA:117,9,1,0
BRDA:129,10,0,0
BRDA:129,10,1,0
BRDA:129,11,0,0
BRDA:129,11,1,0
BRDA:139,12,0,0
BRDA:139,12,1,0
BRDA:150,13,0,0
BRDA:150,13,1,0
BRDA:158,14,0,0
BRDA:158,14,1,0
BRDA:158,15,0,0
BRDA:158,15,1,0
BRDA:158,15,2,0
BRDA:184,16,0,0
BRDA:184,16,1,0
BRF:35
BRH:0
end_of_record
TN:
SF:controllers\assetBatchController.js
FN:6,(anonymous_0)
FN:34,(anonymous_1)
FN:65,(anonymous_2)
FN:96,(anonymous_3)
FN:131,(anonymous_4)
FN:180,(anonymous_5)
FN:226,(anonymous_6)
FNF:7
FNH:0
FNDA:0,(anonymous_0)
FNDA:0,(anonymous_1)
FNDA:0,(anonymous_2)
FNDA:0,(anonymous_3)
FNDA:0,(anonymous_4)
FNDA:0,(anonymous_5)
FNDA:0,(anonymous_6)
DA:6,0
DA:7,0
DA:9,0
DA:11,0
DA:12,0
DA:18,0
DA:21,0
DA:23,0
DA:24,0
DA:26,0
DA:34,0
DA:35,0
DA:37,0
DA:39,0
DA:40,0
DA:46,0
DA:49,0
DA:51,0
DA:52,0
DA:53,0
DA:55,0
DA:57,0
DA:65,0
DA:66,0
DA:68,0
DA:70,0
DA:71,0
DA:77,0
DA:80,0
DA:82,0
DA:83,0
DA:84,0
DA:86,0
DA:88,0
DA:96,0
DA:97,0
DA:99,0
DA:101,0
DA:102,0
DA:108,0
DA:111,0
DA:114,0
DA:115,0
DA:116,0
DA:119,0
DA:120,0
DA:121,0
DA:123,0
DA:131,0
DA:132,0
DA:134,0
DA:136,0
DA:137,0
DA:143,0
DA:146,0
DA:149,0
DA:150,0
DA:155,0
DA:156,0
DA:160,0
DA:166,0
DA:167,0
DA:170,0
DA:172,0
DA:180,0
DA:181,0
DA:183,0
DA:185,0
DA:186,0
DA:192,0
DA:195,0
DA:198,0
DA:199,0
DA:200,0
DA:206,0
DA:207,0
DA:209,0
DA:210,0
DA:215,0
DA:216,0
DA:218,0
DA:226,0
DA:227,0
DA:229,0
DA:231,0
DA:232,0
DA:238,0
DA:241,0
DA:243,0
DA:244,0
DA:246,0
LF:91
LH:0
BRDA:11,0,0,0
BRDA:11,0,1,0
BRDA:39,1,0,0
BRDA:39,1,1,0
BRDA:52,2,0,0
BRDA:52,2,1,0
BRDA:70,3,0,0
BRDA:70,3,1,0
BRDA:83,4,0,0
BRDA:83,4,1,0
BRDA:101,5,0,0
BRDA:101,5,1,0
BRDA:115,6,0,0
BRDA:115,6,1,0
BRDA:136,7,0,0
BRDA:136,7,1,0
BRDA:149,8,0,0
BRDA:149,8,1,0
BRDA:155,9,0,0
BRDA:155,9,1,0
BRDA:166,10,0,0
BRDA:166,10,1,0
BRDA:185,11,0,0
BRDA:185,11,1,0
BRDA:199,12,0,0
BRDA:199,12,1,0
BRDA:209,13,0,0
BRDA:209,13,1,0
BRDA:231,14,0,0
BRDA:231,14,1,0
BRF:30
BRH:0
end_of_record
TN:
SF:controllers\assetController.js
FN:6,(anonymous_0)
FNF:1
FNH:0
FNDA:0,(anonymous_0)
DA:6,0
DA:7,0
DA:8,0
DA:11,0
DA:12,0
DA:13,0
DA:16,0
DA:19,0
DA:20,0
DA:21,0
DA:27,0
DA:28,0
DA:31,0
DA:33,0
DA:39,0
DA:40,0
LF:16
LH:0
BRDA:12,0,0,0
BRDA:12,0,1,0
BRDA:23,1,0,0
BRDA:23,1,1,0
BRF:4
BRH:0
end_of_record
TN:
SF:controllers\assetHistoryController.js
FN:5,(anonymous_0)
FN:37,(anonymous_1)
FN:42,(anonymous_2)
FN:90,(anonymous_3)
FN:94,(anonymous_4)
FN:95,(anonymous_5)
FN:124,(anonymous_6)
FN:180,(anonymous_7)
FN:184,(anonymous_8)
FN:185,(anonymous_9)
FN:227,(anonymous_10)
FN:262,(anonymous_11)
FNF:12
FNH:0
FNDA:0,(anonymous_0)
FNDA:0,(anonymous_1)
FNDA:0,(anonymous_2)
FNDA:0,(anonymous_3)
FNDA:0,(anonymous_4)
FNDA:0,(anonymous_5)
FNDA:0,(anonymous_6)
FNDA:0,(anonymous_7)
FNDA:0,(anonymous_8)
FNDA:0,(anonymous_9)
FNDA:0,(anonymous_10)
FNDA:0,(anonymous_11)
DA:5,0
DA:6,0
DA:8,0
DA:10,0
DA:11,0
DA:17,0
DA:20,0
DA:22,0
DA:23,0
DA:25,0
DA:26,0
DA:37,0
DA:38,0
DA:39,0
DA:42,0
DA:43,0
DA:44,0
DA:46,0
DA:47,0
DA:53,0
DA:54,0
DA:56,0
DA:67,0
DA:70,0
DA:71,0
DA:78,0
DA:88,0
DA:89,0
DA:90,0
DA:91,0
DA:92,0
DA:94,0
DA:95,0
DA:100,0
DA:101,0
DA:104,0
DA:105,0
DA:108,0
DA:110,0
DA:111,0
DA:113,0
DA:114,0
DA:116,0
DA:117,0
DA:124,0
DA:125,0
DA:126,0
DA:128,0
DA:129,0
DA:135,0
DA:136,0
DA:137,0
DA:139,0
DA:141,0
DA:142,0
DA:143,0
DA:158,0
DA:161,0
DA:162,0
DA:169,0
DA:178,0
DA:179,0
DA:180,0
DA:181,0
DA:182,0
DA:184,0
DA:185,0
DA:187,0
DA:192,0
DA:193,0
DA:196,0
DA:197,0
DA:200,0
DA:202,0
DA:208,0
DA:209,0
DA:215,0
DA:216,0
DA:218,0
DA:219,0
DA:227,0
DA:228,0
DA:230,0
DA:232,0
DA:233,0
DA:239,0
DA:242,0
DA:245,0
DA:247,0
DA:248,0
DA:251,0
DA:253,0
DA:254,0
DA:262,0
DA:263,0
DA:265,0
DA:267,0
DA:268,0
DA:274,0
DA:277,0
DA:280,0
DA:283,0
DA:286,0
DA:296,0
DA:306,0
DA:313,0
DA:314,0
LF:107
LH:0
BRDA:10,0,0,0
BRDA:10,0,1,0
BRDA:38,1,0,0
BRDA:38,1,1,0
BRDA:46,2,0,0
BRDA:46,2,1,0
BRDA:70,3,0,0
BRDA:70,3,1,0
BRDA:70,4,0,0
BRDA:70,4,1,0
BRDA:70,4,2,0
BRDA:82,5,0,0
BRDA:82,5,1,0
BRDA:83,6,0,0
BRDA:83,6,1,0
BRDA:88,7,0,0
BRDA:88,7,1,0
BRDA:89,8,0,0
BRDA:89,8,1,0
BRDA:90,9,0,0
BRDA:90,9,1,0
BRDA:91,10,0,0
BRDA:91,10,1,0
BRDA:100,11,0,0
BRDA:100,11,1,0
BRDA:104,12,0,0
BRDA:104,12,1,0
BRDA:128,13,0,0
BRDA:128,13,1,0
BRDA:142,14,0,0
BRDA:142,14,1,0
BRDA:161,15,0,0
BRDA:161,15,1,0
BRDA:161,16,0,0
BRDA:161,16,1,0
BRDA:161,16,2,0
BRDA:173,17,0,0
BRDA:173,17,1,0
BRDA:174,18,0,0
BRDA:174,18,1,0
BRDA:178,19,0,0
BRDA:178,19,1,0
BRDA:179,20,0,0
BRDA:179,20,1,0
BRDA:180,21,0,0
BRDA:180,21,1,0
BRDA:181,22,0,0
BRDA:181,22,1,0
BRDA:192,23,0,0
BRDA:192,23,1,0
BRDA:196,24,0,0
BRDA:196,24,1,0
BRDA:208,25,0,0
BRDA:208,25,1,0
BRDA:232,26,0,0
BRDA:232,26,1,0
BRDA:247,27,0,0
BRDA:247,27,1,0
BRDA:267,28,0,0
BRDA:267,28,1,0
BRF:60
BRH:0
end_of_record
TN:
SF:controllers\attendanceController.js
FN:4,(anonymous_0)
FN:13,(anonymous_1)
FN:26,(anonymous_2)
FN:47,(anonymous_3)
FN:62,(anonymous_4)
FN:90,(anonymous_5)
FN:103,(anonymous_6)
FN:112,(anonymous_7)
FN:124,(anonymous_8)
FN:129,(anonymous_9)
FN:132,(anonymous_10)
FN:137,(anonymous_11)
FN:147,(anonymous_12)
FN:159,(anonymous_13)
FN:163,(anonymous_14)
FN:174,(anonymous_15)
FNF:16
FNH:0
FNDA:0,(anonymous_0)
FNDA:0,(anonymous_1)
FNDA:0,(anonymous_2)
FNDA:0,(anonymous_3)
FNDA:0,(anonymous_4)
FNDA:0,(anonymous_5)
FNDA:0,(anonymous_6)
FNDA:0,(anonymous_7)
FNDA:0,(anonymous_8)
FNDA:0,(anonymous_9)
FNDA:0,(anonymous_10)
FNDA:0,(anonymous_11)
FNDA:0,(anonymous_12)
FNDA:0,(anonymous_13)
FNDA:0,(anonymous_14)
FNDA:0,(anonymous_15)
DA:3,0
DA:5,0
DA:6,0
DA:7,0
DA:9,0
DA:14,0
DA:15,0
DA:19,0
DA:20,0
DA:22,0
DA:27,0
DA:28,0
DA:37,0
DA:38,0
DA:41,0
DA:43,0
DA:48,0
DA:49,0
DA:50,0
DA:56,0
DA:58,0
DA:63,0
DA:64,0
DA:65,0
DA:67,0
DA:68,0
DA:69,0
DA:75,0
DA:76,0
DA:79,0
DA:80,0
DA:83,0
DA:84,0
DA:86,0
DA:91,0
DA:92,0
DA:93,0
DA:97,0
DA:99,0
DA:104,0
DA:105,0
DA:106,0
DA:108,0
DA:113,0
DA:114,0
DA:117,0
DA:118,0
DA:120,0
DA:121,0
DA:124,0
DA:125,0
DA:129,0
DA:132,0
DA:133,0
DA:137,0
DA:138,0
DA:141,0
DA:142,0
DA:143,0
DA:147,0
DA:148,0
DA:154,0
DA:159,0
DA:160,0
DA:163,0
DA:164,0
DA:167,0
DA:172,0
DA:175,0
DA:177,0
DA:178,0
DA:179,0
DA:181,0
DA:182,0
DA:184,0
DA:186,0
DA:187,0
DA:190,0
DA:198,0
DA:208,0
LF:80
LH:0
BRDA:37,0,0,0
BRDA:37,0,1,0
BRDA:67,1,0,0
BRDA:67,1,1,0
BRDA:75,2,0,0
BRDA:75,2,1,0
BRDA:79,3,0,0
BRDA:79,3,1,0
BRDA:125,4,0,0
BRDA:125,4,1,0
BRDA:133,5,0,0
BRDA:133,5,1,0
BRDA:138,6,0,0
BRDA:138,6,1,0
BRDA:138,7,0,0
BRDA:138,7,1,0
BRDA:143,8,0,0
BRDA:143,8,1,0
BRDA:143,8,2,0
BRDA:148,9,0,0
BRDA:148,9,1,0
BRDA:148,9,2,0
BRDA:148,9,3,0
BRDA:154,10,0,0
BRDA:154,10,1,0
BRDA:160,11,0,0
BRDA:160,11,1,0
BRDA:160,11,2,0
BRDA:167,12,0,0
BRDA:167,12,1,0
BRDA:177,13,0,0
BRDA:177,13,1,0
BRDA:177,14,0,0
BRDA:177,14,1,0
BRDA:181,15,0,0
BRDA:181,15,1,0
BRDA:181,16,0,0
BRDA:181,16,1,0
BRDA:181,16,2,0
BRDA:186,17,0,0
BRDA:186,17,1,0
BRDA:186,18,0,0
BRDA:186,18,1,0
BRDA:194,19,0,0
BRDA:194,19,1,0
BRF:45
BRH:0
end_of_record
TN:
SF:controllers\authController.js
FN:7,(anonymous_0)
FN:76,(anonymous_1)
FN:85,(anonymous_2)
FN:151,(anonymous_3)
FN:179,(anonymous_4)
FN:220,(anonymous_5)
FN:271,(anonymous_6)
FN:299,(anonymous_7)
FN:315,(anonymous_8)
FNF:9
FNH:0
FNDA:0,(anonymous_0)
FNDA:0,(anonymous_1)
FNDA:0,(anonymous_2)
FNDA:0,(anonymous_3)
FNDA:0,(anonymous_4)
FNDA:0,(anonymous_5)
FNDA:0,(anonymous_6)
FNDA:0,(anonymous_7)
FNDA:0,(anonymous_8)
DA:7,0
DA:8,0
DA:9,0
DA:12,0
DA:13,0
DA:17,0
DA:18,0
DA:19,0
DA:23,0
DA:24,0
DA:25,0
DA:28,0
DA:33,0
DA:36,0
DA:37,0
DA:40,0
DA:41,0
DA:44,0
DA:57,0
DA:60,0
DA:62,0
DA:67,0
DA:70,0
DA:71,0
DA:75,0
DA:76,0
DA:77,0
DA:80,0
DA:85,0
DA:86,0
DA:87,0
DA:90,0
DA:91,0
DA:92,0
DA:96,0
DA:98,0
DA:99,0
DA:101,0
DA:102,0
DA:103,0
DA:106,0
DA:108,0
DA:116,0
DA:117,0
DA:118,0
DA:122,0
DA:133,0
DA:145,0
DA:146,0
DA:151,0
DA:152,0
DA:153,0
DA:155,0
DA:156,0
DA:157,0
DA:160,0
DA:164,0
DA:165,0
DA:166,0
DA:168,0
DA:169,0
DA:171,0
DA:172,0
DA:179,0
DA:180,0
DA:181,0
DA:182,0
DA:185,0
DA:190,0
DA:191,0
DA:195,0
DA:196,0
DA:197,0
DA:203,0
DA:204,0
DA:207,0
DA:208,0
DA:210,0
DA:212,0
DA:214,0
DA:215,0
DA:220,0
DA:221,0
DA:222,0
DA:224,0
DA:225,0
DA:226,0
DA:230,0
DA:231,0
DA:235,0
DA:236,0
DA:237,0
DA:238,0
DA:241,0
DA:252,0
DA:265,0
DA:266,0
DA:271,0
DA:272,0
DA:273,0
DA:275,0
DA:276,0
DA:277,0
DA:281,0
DA:282,0
DA:284,0
DA:285,0
DA:286,0
DA:289,0
DA:291,0
DA:293,0
DA:294,0
DA:299,0
DA:300,0
DA:301,0
DA:302,0
DA:303,0
DA:306,0
DA:308,0
DA:309,0
DA:315,0
DA:316,0
DA:317,0
DA:319,0
DA:320,0
DA:326,0
DA:328,0
DA:329,0
DA:335,0
DA:340,0
DA:341,0
LF:131
LH:0
BRDA:12,0,0,0
BRDA:12,0,1,0
BRDA:18,1,0,0
BRDA:18,1,1,0
BRDA:70,2,0,0
BRDA:70,2,1,0
BRDA:75,3,0,0
BRDA:75,3,1,0
BRDA:91,4,0,0
BRDA:91,4,1,0
BRDA:96,5,0,0
BRDA:96,5,1,0
BRDA:117,6,0,0
BRDA:117,6,1,0
BRDA:156,7,0,0
BRDA:156,7,1,0
BRDA:190,8,0,0
BRDA:190,8,1,0
BRDA:196,9,0,0
BRDA:196,9,1,0
BRDA:225,10,0,0
BRDA:225,10,1,0
BRDA:230,11,0,0
BRDA:230,11,1,0
BRDA:230,12,0,0
BRDA:230,12,1,0
BRDA:276,13,0,0
BRDA:276,13,1,0
BRDA:302,14,0,0
BRDA:302,14,1,0
BRDA:319,15,0,0
BRDA:319,15,1,0
BRDA:328,16,0,0
BRDA:328,16,1,0
BRF:34
BRH:0
end_of_record
TN:
SF:controllers\authControllerCompany.js
FN:10,(anonymous_0)
FN:75,(anonymous_1)
FN:124,(anonymous_2)
FN:152,(anonymous_3)
FN:228,(anonymous_4)
FN:261,(anonymous_5)
FN:384,(anonymous_6)
FN:509,(anonymous_7)
FN:603,(anonymous_8)
FN:667,(anonymous_9)
FN:799,(anonymous_10)
FN:833,(anonymous_11)
FN:879,(anonymous_12)
FNF:13
FNH:3
FNDA:3,(anonymous_0)
FNDA:3,(anonymous_1)
FNDA:3,(anonymous_2)
FNDA:0,(anonymous_3)
FNDA:0,(anonymous_4)
FNDA:0,(anonymous_5)
FNDA:0,(anonymous_6)
FNDA:0,(anonymous_7)
FNDA:0,(anonymous_8)
FNDA:0,(anonymous_9)
FNDA:0,(anonymous_10)
FNDA:0,(anonymous_11)
FNDA:0,(anonymous_12)
DA:10,1
DA:11,3
DA:15,3
DA:16,1
DA:25,2
DA:26,1
DA:41,1
DA:42,0
DA:43,0
DA:46,0
DA:61,1
DA:62,0
DA:71,1
DA:75,1
DA:76,3
DA:77,3
DA:81,3
DA:82,1
DA:85,2
DA:86,0
DA:96,2
DA:98,2
DA:99,1
DA:109,1
DA:110,0
DA:120,1
DA:124,1
DA:125,3
DA:126,1
DA:127,1
DA:128,1
DA:129,1
DA:130,1
DA:133,2
DA:134,2
DA:135,2
DA:138,1
DA:139,1
DA:140,1
DA:141,1
DA:142,1
DA:143,1
DA:145,1
DA:147,1
DA:152,1
DA:153,0
DA:158,0
DA:159,0
DA:168,0
DA:169,0
DA:170,0
DA:172,0
DA:173,0
DA:174,0
DA:176,0
DA:177,0
DA:182,0
DA:185,0
DA:200,0
DA:201,0
DA:211,0
DA:213,0
DA:214,0
DA:224,0
DA:228,1
DA:229,0
DA:230,0
DA:232,0
DA:249,0
DA:250,0
DA:251,0
DA:253,0
DA:255,0
DA:256,0
DA:261,1
DA:262,0
DA:263,0
DA:265,0
DA:273,0
DA:274,0
DA:275,0
DA:276,0
DA:279,0
DA:282,0
DA:283,0
DA:285,0
DA:286,0
DA:287,0
DA:288,0
DA:291,0
DA:292,0
DA:295,0
DA:306,0
DA:308,0
DA:324,0
DA:325,0
DA:332,0
DA:334,0
DA:335,0
DA:336,0
DA:339,0
DA:342,0
DA:343,0
DA:344,0
DA:348,0
DA:358,0
DA:360,0
DA:374,0
DA:375,0
DA:384,1
DA:385,0
DA:386,0
DA:388,0
DA:391,0
DA:393,0
DA:394,0
DA:400,0
DA:401,0
DA:410,0
DA:411,0
DA:417,0
DA:418,0
DA:425,0
DA:426,0
DA:427,0
DA:428,0
DA:430,0
DA:433,0
DA:434,0
DA:435,0
DA:436,0
DA:437,0
DA:438,0
DA:439,0
DA:442,0
DA:444,0
DA:447,0
DA:463,0
DA:464,0
DA:467,0
DA:468,0
DA:469,0
DA:471,0
DA:486,0
DA:487,0
DA:489,0
DA:495,0
DA:500,0
DA:501,0
DA:509,1
DA:510,0
DA:511,0
DA:514,0
DA:517,0
DA:518,0
DA:519,0
DA:523,0
DA:524,0
DA:525,0
DA:529,0
DA:532,0
DA:546,0
DA:548,0
DA:551,0
DA:553,0
DA:556,0
DA:570,0
DA:579,0
DA:586,0
DA:588,0
DA:592,0
DA:597,0
DA:598,0
DA:603,1
DA:604,0
DA:605,0
DA:607,0
DA:608,0
DA:612,0
DA:617,0
DA:618,0
DA:621,0
DA:622,0
DA:626,0
DA:627,0
DA:630,0
DA:631,0
DA:632,0
DA:635,0
DA:638,0
DA:639,0
DA:644,0
DA:646,0
DA:647,0
DA:653,0
DA:658,0
DA:659,0
DA:667,1
DA:668,0
DA:669,0
DA:671,0
DA:672,0
DA:676,0
DA:677,0
DA:679,0
DA:681,0
DA:684,0
DA:686,0
DA:687,0
DA:688,0
DA:691,0
DA:696,0
DA:697,0
DA:702,0
DA:703,0
DA:708,0
DA:711,0
DA:717,0
DA:718,0
DA:719,0
DA:721,0
DA:724,0
DA:725,0
DA:730,0
DA:731,0
DA:732,0
DA:733,0
DA:738,0
DA:739,0
DA:742,0
DA:744,0
DA:753,0
DA:763,0
DA:770,0
DA:772,0
DA:775,0
DA:776,0
DA:777,0
DA:779,0
DA:785,0
DA:790,0
DA:791,0
DA:799,1
DA:800,0
DA:806,0
DA:807,0
DA:808,0
DA:814,0
DA:815,0
DA:818,0
DA:822,0
DA:829,0
DA:833,1
DA:835,0
DA:836,0
DA:837,0
DA:838,0
DA:839,0
DA:842,0
DA:843,0
DA:844,0
DA:849,0
DA:850,0
DA:851,0
DA:852,0
DA:853,0
DA:856,0
DA:859,0
DA:860,0
DA:861,0
DA:865,0
DA:866,0
DA:867,0
DA:868,0
DA:869,0
DA:870,0
DA:873,0
DA:879,1
DA:880,0
DA:881,0
DA:883,0
DA:884,0
DA:890,0
DA:892,0
DA:893,0
DA:896,0
DA:899,0
DA:900,0
DA:901,0
DA:902,0
DA:904,0
DA:907,0
DA:908,0
DA:913,0
DA:914,0
DA:915,0
DA:916,0
DA:917,0
DA:922,0
DA:924,0
DA:927,0
DA:931,0
DA:932,0
DA:933,0
DA:934,0
DA:935,0
DA:936,0
DA:939,0
DA:945,0
DA:946,0
DA:954,0
DA:965,0
DA:969,0
DA:974,0
DA:975,0
LF:315
LH:48
BRDA:15,0,0,1
BRDA:15,0,1,2
BRDA:25,1,0,1
BRDA:25,1,1,1
BRDA:35,2,0,1
BRDA:35,2,1,1
BRDA:41,3,0,0
BRDA:41,3,1,1
BRDA:41,4,0,1
BRDA:41,4,1,1
BRDA:41,4,2,1
BRDA:42,5,0,0
BRDA:42,5,1,0
BRDA:61,6,0,0
BRDA:61,6,1,1
BRDA:81,7,0,1
BRDA:81,7,1,2
BRDA:85,8,0,0
BRDA:85,8,1,2
BRDA:98,9,0,1
BRDA:98,9,1,1
BRDA:109,10,0,0
BRDA:109,10,1,1
BRDA:109,11,0,1
BRDA:109,11,1,0
BRDA:125,12,0,1
BRDA:125,12,1,2
BRDA:134,13,0,2
BRDA:134,13,1,0
BRDA:158,14,0,0
BRDA:158,14,1,0
BRDA:168,15,0,0
BRDA:168,15,1,0
BRDA:200,16,0,0
BRDA:200,16,1,0
BRDA:213,17,0,0
BRDA:213,17,1,0
BRDA:233,18,0,0
BRDA:233,18,1,0
BRDA:269,19,0,0
BRDA:269,19,1,0
BRDA:274,20,0,0
BRDA:274,20,1,0
BRDA:285,21,0,0
BRDA:285,21,1,0
BRDA:286,22,0,0
BRDA:286,22,1,0
BRDA:302,23,0,0
BRDA:302,23,1,0
BRDA:334,24,0,0
BRDA:334,24,1,0
BRDA:334,25,0,0
BRDA:334,25,1,0
BRDA:343,26,0,0
BRDA:343,26,1,0
BRDA:354,27,0,0
BRDA:354,27,1,0
BRDA:393,28,0,0
BRDA:393,28,1,0
BRDA:410,29,0,0
BRDA:410,29,1,0
BRDA:417,30,0,0
BRDA:417,30,1,0
BRDA:433,31,0,0
BRDA:433,31,1,0
BRDA:435,32,0,0
BRDA:435,32,1,0
BRDA:518,33,0,0
BRDA:518,33,1,0
BRDA:524,34,0,0
BRDA:524,34,1,0
BRDA:557,35,0,0
BRDA:557,35,1,0
BRDA:566,36,0,0
BRDA:566,36,1,0
BRDA:607,37,0,0
BRDA:607,37,1,0
BRDA:614,38,0,0
BRDA:614,38,1,0
BRDA:617,39,0,0
BRDA:617,39,1,0
BRDA:621,40,0,0
BRDA:621,40,1,0
BRDA:641,41,0,0
BRDA:641,41,1,0
BRDA:671,42,0,0
BRDA:671,42,1,0
BRDA:671,43,0,0
BRDA:671,43,1,0
BRDA:686,44,0,0
BRDA:686,44,1,0
BRDA:696,45,0,0
BRDA:696,45,1,0
BRDA:702,46,0,0
BRDA:702,46,1,0
BRDA:724,47,0,0
BRDA:724,47,1,0
BRDA:730,48,0,0
BRDA:730,48,1,0
BRDA:738,49,0,0
BRDA:738,49,1,0
BRDA:814,50,0,0
BRDA:814,50,1,0
BRDA:829,51,0,0
BRDA:829,51,1,0
BRDA:842,52,0,0
BRDA:842,52,1,0
BRDA:849,53,0,0
BRDA:849,53,1,0
BRDA:865,54,0,0
BRDA:865,54,1,0
BRDA:883,55,0,0
BRDA:883,55,1,0
BRDA:883,56,0,0
BRDA:883,56,1,0
BRDA:883,56,2,0
BRDA:883,56,3,0
BRDA:892,57,0,0
BRDA:892,57,1,0
BRDA:907,58,0,0
BRDA:907,58,1,0
BRDA:913,59,0,0
BRDA:913,59,1,0
BRDA:931,60,0,0
BRDA:931,60,1,0
BRF:125
BRH:21
end_of_record
TN:
SF:controllers\candidateController.js
FN:5,(anonymous_0)
FN:45,(anonymous_1)
FN:65,(anonymous_2)
FN:98,(anonymous_3)
FN:159,(anonymous_4)
FN:179,(anonymous_5)
FNF:6
FNH:0
FNDA:0,(anonymous_0)
FNDA:0,(anonymous_1)
FNDA:0,(anonymous_2)
FNDA:0,(anonymous_3)
FNDA:0,(anonymous_4)
FNDA:0,(anonymous_5)
DA:5,0
DA:6,0
DA:8,0
DA:10,0
DA:11,0
DA:17,0
DA:20,0
DA:23,0
DA:24,0
DA:25,0
DA:32,0
DA:33,0
DA:35,0
DA:36,0
DA:38,0
DA:41,0
DA:42,0
DA:45,0
DA:49,0
DA:50,0
DA:56,0
DA:65,0
DA:66,0
DA:68,0
DA:70,0
DA:71,0
DA:77,0
DA:80,0
DA:83,0
DA:85,0
DA:86,0
DA:88,0
DA:89,0
DA:98,0
DA:99,0
DA:101,0
DA:103,0
DA:104,0
DA:110,0
DA:111,0
DA:112,0
DA:118,0
DA:121,0
DA:124,0
DA:125,0
DA:126,0
DA:133,0
DA:142,0
DA:143,0
DA:149,0
DA:150,0
DA:152,0
DA:155,0
DA:156,0
DA:159,0
DA:163,0
DA:164,0
DA:170,0
DA:179,0
DA:180,0
DA:182,0
DA:184,0
DA:185,0
DA:191,0
DA:192,0
DA:193,0
DA:199,0
DA:202,0
DA:205,0
DA:207,0
DA:208,0
DA:214,0
DA:215,0
DA:224,0
DA:226,0
DA:227,0
DA:233,0
LF:77
LH:0
BRDA:10,0,0,0
BRDA:10,0,1,0
BRDA:24,1,0,0
BRDA:24,1,1,0
BRDA:24,2,0,0
BRDA:24,2,1,0
BRDA:24,2,2,0
BRDA:24,2,3,0
BRDA:24,2,4,0
BRDA:24,2,5,0
BRDA:41,3,0,0
BRDA:41,3,1,0
BRDA:49,4,0,0
BRDA:49,4,1,0
BRDA:49,5,0,0
BRDA:49,5,1,0
BRDA:59,6,0,0
BRDA:59,6,1,0
BRDA:70,7,0,0
BRDA:70,7,1,0
BRDA:92,8,0,0
BRDA:92,8,1,0
BRDA:103,9,0,0
BRDA:103,9,1,0
BRDA:111,10,0,0
BRDA:111,10,1,0
BRDA:125,11,0,0
BRDA:125,11,1,0
BRDA:125,12,0,0
BRDA:125,12,1,0
BRDA:125,12,2,0
BRDA:125,12,3,0
BRDA:125,12,4,0
BRDA:125,12,5,0
BRDA:142,13,0,0
BRDA:142,13,1,0
BRDA:155,14,0,0
BRDA:155,14,1,0
BRDA:163,15,0,0
BRDA:163,15,1,0
BRDA:163,16,0,0
BRDA:163,16,1,0
BRDA:173,17,0,0
BRDA:173,17,1,0
BRDA:184,18,0,0
BRDA:184,18,1,0
BRDA:192,19,0,0
BRDA:192,19,1,0
BRDA:207,20,0,0
BRDA:207,20,1,0
BRDA:226,21,0,0
BRDA:226,21,1,0
BRDA:226,22,0,0
BRDA:226,22,1,0
BRDA:236,23,0,0
BRDA:236,23,1,0
BRF:56
BRH:0
end_of_record
TN:
SF:controllers\companyController.js
FN:26,(anonymous_0)
FN:28,(anonymous_1)
FN:61,(anonymous_2)
FN:424,(anonymous_3)
FN:575,(anonymous_4)
FN:719,(anonymous_5)
FN:734,(anonymous_6)
FN:765,(anonymous_7)
FN:785,(anonymous_8)
FN:878,(anonymous_9)
FN:1068,(anonymous_10)
FN:1124,(anonymous_11)
FN:1365,(anonymous_12)
FN:1506,(anonymous_13)
FN:1558,(anonymous_14)
FNF:15
FNH:0
FNDA:0,(anonymous_0)
FNDA:0,(anonymous_1)
FNDA:0,(anonymous_2)
FNDA:0,(anonymous_3)
FNDA:0,(anonymous_4)
FNDA:0,(anonymous_5)
FNDA:0,(anonymous_6)
FNDA:0,(anonymous_7)
FNDA:0,(anonymous_8)
FNDA:0,(anonymous_9)
FNDA:0,(anonymous_10)
FNDA:0,(anonymous_11)
FNDA:0,(anonymous_12)
FNDA:0,(anonymous_13)
FNDA:0,(anonymous_14)
DA:18,0
DA:19,0
DA:22,0
DA:26,0
DA:28,0
DA:29,0
DA:30,0
DA:31,0
DA:32,0
DA:33,0
DA:39,0
DA:45,0
DA:53,0
DA:54,0
DA:55,0
DA:56,0
DA:57,0
DA:58,0
DA:61,0
DA:62,0
DA:70,0
DA:71,0
DA:72,0
DA:79,0
DA:90,0
DA:92,0
DA:93,0
DA:95,0
DA:96,0
DA:98,0
DA:101,0
DA:102,0
DA:104,0
DA:107,0
DA:108,0
DA:111,0
DA:112,0
DA:121,0
DA:124,0
DA:140,0
DA:148,0
DA:149,0
DA:153,0
DA:154,0
DA:155,0
DA:162,0
DA:163,0
DA:164,0
DA:165,0
DA:176,0
DA:177,0
DA:178,0
DA:179,0
DA:180,0
DA:190,0
DA:191,0
DA:200,0
DA:201,0
DA:202,0
DA:209,0
DA:210,0
DA:211,0
DA:212,0
DA:223,0
DA:224,0
DA:225,0
DA:234,0
DA:235,0
DA:242,0
DA:248,0
DA:250,0
DA:251,0
DA:253,0
DA:256,0
DA:259,0
DA:261,0
DA:269,0
DA:270,0
DA:271,0
DA:279,0
DA:280,0
DA:281,0
DA:289,0
DA:290,0
DA:291,0
DA:294,0
DA:296,0
DA:302,0
DA:303,0
DA:304,0
DA:305,0
DA:307,0
DA:308,0
DA:312,0
DA:327,0
DA:328,0
DA:335,0
DA:351,0
DA:352,0
DA:359,0
DA:360,0
DA:361,0
DA:362,0
DA:364,0
DA:368,0
DA:370,0
DA:375,0
DA:378,0
DA:379,0
DA:384,0
DA:386,0
DA:388,0
DA:389,0
DA:392,0
DA:395,0
DA:397,0
DA:407,0
DA:408,0
DA:409,0
DA:411,0
DA:424,0
DA:425,0
DA:426,0
DA:428,0
DA:436,0
DA:437,0
DA:443,0
DA:448,0
DA:449,0
DA:453,0
DA:457,0
DA:458,0
DA:462,0
DA:463,0
DA:466,0
DA:467,0
DA:470,0
DA:473,0
DA:474,0
DA:475,0
DA:480,0
DA:481,0
DA:484,0
DA:485,0
DA:489,0
DA:490,0
DA:491,0
DA:495,0
DA:496,0
DA:497,0
DA:498,0
DA:501,0
DA:502,0
DA:503,0
DA:505,0
DA:512,0
DA:513,0
DA:514,0
DA:516,0
DA:531,0
DA:532,0
DA:533,0
DA:536,0
DA:540,0
DA:541,0
DA:542,0
DA:544,0
DA:547,0
DA:548,0
DA:549,0
DA:551,0
DA:554,0
DA:558,0
DA:566,0
DA:567,0
DA:575,0
DA:576,0
DA:577,0
DA:579,0
DA:581,0
DA:582,0
DA:583,0
DA:587,0
DA:589,0
DA:590,0
DA:591,0
DA:594,0
DA:605,0
DA:606,0
DA:607,0
DA:611,0
DA:612,0
DA:613,0
DA:617,0
DA:618,0
DA:619,0
DA:621,0
DA:622,0
DA:625,0
DA:626,0
DA:631,0
DA:632,0
DA:633,0
DA:634,0
DA:635,0
DA:638,0
DA:639,0
DA:640,0
DA:644,0
DA:660,0
DA:662,0
DA:663,0
DA:666,0
DA:669,0
DA:670,0
DA:673,0
DA:688,0
DA:689,0
DA:691,0
DA:697,0
DA:708,0
DA:709,0
DA:719,0
DA:720,0
DA:721,0
DA:723,0
DA:724,0
DA:727,0
DA:729,0
DA:734,0
DA:735,0
DA:736,0
DA:738,0
DA:740,0
DA:741,0
DA:745,0
DA:746,0
DA:747,0
DA:748,0
DA:749,0
DA:750,0
DA:752,0
DA:754,0
DA:759,0
DA:765,0
DA:766,0
DA:767,0
DA:769,0
DA:770,0
DA:773,0
DA:778,0
DA:779,0
DA:785,0
DA:786,0
DA:787,0
DA:790,0
DA:792,0
DA:793,0
DA:797,0
DA:799,0
DA:800,0
DA:804,0
DA:805,0
DA:811,0
DA:812,0
DA:818,0
DA:819,0
DA:822,0
DA:825,0
DA:827,0
DA:828,0
DA:831,0
DA:834,0
DA:836,0
DA:838,0
DA:839,0
DA:845,0
DA:846,0
DA:852,0
DA:853,0
DA:856,0
DA:857,0
DA:859,0
DA:862,0
DA:866,0
DA:872,0
DA:873,0
DA:878,0
DA:879,0
DA:880,0
DA:881,0
DA:883,0
DA:885,0
DA:886,0
DA:890,0
DA:891,0
DA:893,0
DA:894,0
DA:898,0
DA:901,0
DA:907,0
DA:908,0
DA:910,0
DA:913,0
DA:914,0
DA:916,0
DA:919,0
DA:1019,0
DA:1021,0
DA:1031,0
DA:1038,0
DA:1040,0
DA:1045,0
DA:1048,0
DA:1049,0
DA:1050,0
DA:1052,0
DA:1058,0
DA:1059,0
DA:1060,0
DA:1068,0
DA:1069,0
DA:1070,0
DA:1072,0
DA:1078,0
DA:1079,0
DA:1080,0
DA:1084,0
DA:1089,0
DA:1095,0
DA:1096,0
DA:1102,0
DA:1103,0
DA:1104,0
DA:1107,0
DA:1109,0
DA:1115,0
DA:1116,0
DA:1124,0
DA:1125,0
DA:1126,0
DA:1128,0
DA:1135,0
DA:1136,0
DA:1137,0
DA:1143,0
DA:1144,0
DA:1145,0
DA:1151,0
DA:1157,0
DA:1158,0
DA:1164,0
DA:1165,0
DA:1166,0
DA:1171,0
DA:1178,0
DA:1179,0
DA:1180,0
DA:1181,0
DA:1205,0
DA:1206,0
DA:1209,0
DA:1210,0
DA:1211,0
DA:1212,0
DA:1214,0
DA:1215,0
DA:1218,0
DA:1219,0
DA:1220,0
DA:1221,0
DA:1223,0
DA:1227,0
DA:1229,0
DA:1230,0
DA:1231,0
DA:1232,0
DA:1234,0
DA:1235,0
DA:1236,0
DA:1237,0
DA:1239,0
DA:1245,0
DA:1248,0
DA:1249,0
DA:1250,0
DA:1251,0
DA:1253,0
DA:1254,0
DA:1255,0
DA:1257,0
DA:1260,0
DA:1275,0
DA:1276,0
DA:1277,0
DA:1280,0
DA:1282,0
DA:1286,0
DA:1287,0
DA:1295,0
DA:1314,0
DA:1321,0
DA:1323,0
DA:1328,0
DA:1339,0
DA:1340,0
DA:1343,0
DA:1346,0
DA:1347,0
DA:1348,0
DA:1349,0
DA:1350,0
DA:1351,0
DA:1352,0
DA:1355,0
DA:1365,0
DA:1366,0
DA:1367,0
DA:1381,0
DA:1384,0
DA:1385,0
DA:1389,0
DA:1391,0
DA:1392,0
DA:1396,0
DA:1397,0
DA:1403,0
DA:1404,0
DA:1408,0
DA:1409,0
DA:1413,0
DA:1414,0
DA:1418,0
DA:1419,0
DA:1425,0
DA:1426,0
DA:1432,0
DA:1435,0
DA:1442,0
DA:1444,0
DA:1445,0
DA:1446,0
DA:1450,0
DA:1451,0
DA:1452,0
DA:1456,0
DA:1457,0
DA:1458,0
DA:1464,0
DA:1465,0
DA:1468,0
DA:1469,0
DA:1470,0
DA:1473,0
DA:1474,0
DA:1475,0
DA:1477,0
DA:1478,0
DA:1479,0
DA:1480,0
DA:1483,0
DA:1488,0
DA:1494,0
DA:1495,0
DA:1506,0
DA:1507,0
DA:1508,0
DA:1510,0
DA:1511,0
DA:1515,0
DA:1517,0
DA:1518,0
DA:1521,0
DA:1522,0
DA:1526,0
DA:1527,0
DA:1530,0
DA:1531,0
DA:1533,0
DA:1536,0
DA:1539,0
DA:1544,0
DA:1549,0
DA:1550,0
DA:1558,0
DA:1559,0
DA:1560,0
DA:1562,0
DA:1563,0
DA:1570,0
DA:1574,0
DA:1581,0
DA:1582,0
LF:493
LH:0
BRDA:29,0,0,0
BRDA:29,0,1,0
BRDA:31,1,0,0
BRDA:31,1,1,0
BRDA:32,2,0,0
BRDA:32,2,1,0
BRDA:58,3,0,0
BRDA:58,3,1,0
BRDA:70,4,0,0
BRDA:70,4,1,0
BRDA:90,5,0,0
BRDA:90,5,1,0
BRDA:90,6,0,0
BRDA:90,6,1,0
BRDA:95,7,0,0
BRDA:95,7,1,0
BRDA:101,8,0,0
BRDA:101,8,1,0
BRDA:154,9,0,0
BRDA:154,9,1,0
BRDA:154,10,0,0
BRDA:154,10,1,0
BRDA:164,11,0,0
BRDA:164,11,1,0
BRDA:164,12,0,0
BRDA:164,12,1,0
BRDA:164,12,2,0
BRDA:176,13,0,0
BRDA:176,13,1,0
BRDA:179,14,0,0
BRDA:179,14,1,0
BRDA:179,15,0,0
BRDA:179,15,1,0
BRDA:190,16,0,0
BRDA:190,16,1,0
BRDA:190,17,0,0
BRDA:190,17,1,0
BRDA:201,18,0,0
BRDA:201,18,1,0
BRDA:201,19,0,0
BRDA:201,19,1,0
BRDA:211,20,0,0
BRDA:211,20,1,0
BRDA:211,21,0,0
BRDA:211,21,1,0
BRDA:211,21,2,0
BRDA:224,22,0,0
BRDA:224,22,1,0
BRDA:234,23,0,0
BRDA:234,23,1,0
BRDA:248,24,0,0
BRDA:248,24,1,0
BRDA:251,25,0,0
BRDA:251,25,1,0
BRDA:270,26,0,0
BRDA:270,26,1,0
BRDA:280,27,0,0
BRDA:280,27,1,0
BRDA:294,28,0,0
BRDA:294,28,1,0
BRDA:302,29,0,0
BRDA:302,29,1,0
BRDA:314,30,0,0
BRDA:314,30,1,0
BRDA:316,31,0,0
BRDA:316,31,1,0
BRDA:338,32,0,0
BRDA:338,32,1,0
BRDA:378,33,0,0
BRDA:378,33,1,0
BRDA:430,34,0,0
BRDA:430,34,1,0
BRDA:432,35,0,0
BRDA:432,35,1,0
BRDA:436,36,0,0
BRDA:436,36,1,0
BRDA:436,37,0,0
BRDA:436,37,1,0
BRDA:436,37,2,0
BRDA:448,38,0,0
BRDA:448,38,1,0
BRDA:457,39,0,0
BRDA:457,39,1,0
BRDA:462,40,0,0
BRDA:462,40,1,0
BRDA:466,41,0,0
BRDA:466,41,1,0
BRDA:473,42,0,0
BRDA:473,42,1,0
BRDA:473,43,0,0
BRDA:473,43,1,0
BRDA:474,44,0,0
BRDA:474,44,1,0
BRDA:480,45,0,0
BRDA:480,45,1,0
BRDA:484,46,0,0
BRDA:484,46,1,0
BRDA:541,47,0,0
BRDA:541,47,1,0
BRDA:581,48,0,0
BRDA:581,48,1,0
BRDA:581,49,0,0
BRDA:581,49,1,0
BRDA:589,50,0,0
BRDA:589,50,1,0
BRDA:605,51,0,0
BRDA:605,51,1,0
BRDA:611,52,0,0
BRDA:611,52,1,0
BRDA:625,53,0,0
BRDA:625,53,1,0
BRDA:631,54,0,0
BRDA:631,54,1,0
BRDA:723,55,0,0
BRDA:723,55,1,0
BRDA:740,56,0,0
BRDA:740,56,1,0
BRDA:745,57,0,0
BRDA:745,57,1,0
BRDA:746,58,0,0
BRDA:746,58,1,0
BRDA:747,59,0,0
BRDA:747,59,1,0
BRDA:748,60,0,0
BRDA:748,60,1,0
BRDA:749,61,0,0
BRDA:749,61,1,0
BRDA:750,62,0,0
BRDA:750,62,1,0
BRDA:769,63,0,0
BRDA:769,63,1,0
BRDA:792,64,0,0
BRDA:792,64,1,0
BRDA:799,65,0,0
BRDA:799,65,1,0
BRDA:804,66,0,0
BRDA:804,66,1,0
BRDA:811,67,0,0
BRDA:811,67,1,0
BRDA:818,68,0,0
BRDA:818,68,1,0
BRDA:836,69,0,0
BRDA:836,69,1,0
BRDA:838,70,0,0
BRDA:838,70,1,0
BRDA:845,71,0,0
BRDA:845,71,1,0
BRDA:852,72,0,0
BRDA:852,72,1,0
BRDA:885,73,0,0
BRDA:885,73,1,0
BRDA:885,74,0,0
BRDA:885,74,1,0
BRDA:893,75,0,0
BRDA:893,75,1,0
BRDA:913,76,0,0
BRDA:913,76,1,0
BRDA:1078,77,0,0
BRDA:1078,77,1,0
BRDA:1078,78,0,0
BRDA:1078,78,1,0
BRDA:1078,78,2,0
BRDA:1102,79,0,0
BRDA:1102,79,1,0
BRDA:1135,80,0,0
BRDA:1135,80,1,0
BRDA:1135,81,0,0
BRDA:1135,81,1,0
BRDA:1135,81,2,0
BRDA:1135,81,3,0
BRDA:1144,82,0,0
BRDA:1144,82,1,0
BRDA:1164,83,0,0
BRDA:1164,83,1,0
BRDA:1179,84,0,0
BRDA:1179,84,1,0
BRDA:1227,85,0,0
BRDA:1227,85,1,0
BRDA:1231,86,0,0
BRDA:1231,86,1,0
BRDA:1261,87,0,0
BRDA:1261,87,1,0
BRDA:1347,88,0,0
BRDA:1347,88,1,0
BRDA:1349,89,0,0
BRDA:1349,89,1,0
BRDA:1349,90,0,0
BRDA:1349,90,1,0
BRDA:1351,91,0,0
BRDA:1351,91,1,0
BRDA:1357,92,0,0
BRDA:1357,92,1,0
BRDA:1369,93,0,0
BRDA:1369,93,1,0
BRDA:1376,94,0,0
BRDA:1376,94,1,0
BRDA:1384,95,0,0
BRDA:1384,95,1,0
BRDA:1389,96,0,0
BRDA:1389,96,1,0
BRDA:1391,97,0,0
BRDA:1391,97,1,0
BRDA:1403,98,0,0
BRDA:1403,98,1,0
BRDA:1408,99,0,0
BRDA:1408,99,1,0
BRDA:1408,100,0,0
BRDA:1408,100,1,0
BRDA:1413,101,0,0
BRDA:1413,101,1,0
BRDA:1413,102,0,0
BRDA:1413,102,1,0
BRDA:1418,103,0,0
BRDA:1418,103,1,0
BRDA:1425,104,0,0
BRDA:1425,104,1,0
BRDA:1444,105,0,0
BRDA:1444,105,1,0
BRDA:1451,106,0,0
BRDA:1451,106,1,0
BRDA:1457,107,0,0
BRDA:1457,107,1,0
BRDA:1473,108,0,0
BRDA:1473,108,1,0
BRDA:1477,109,0,0
BRDA:1477,109,1,0
BRDA:1510,110,0,0
BRDA:1510,110,1,0
BRDA:1517,111,0,0
BRDA:1517,111,1,0
BRDA:1521,112,0,0
BRDA:1521,112,1,0
BRDA:1541,113,0,0
BRDA:1541,113,1,0
BRDA:1562,114,0,0
BRDA:1562,114,1,0
BRDA:1577,115,0,0
BRDA:1577,115,1,0
BRF:238
BRH:0
end_of_record
TN:
SF:controllers\contractController.js
FN:4,(anonymous_0)
FN:15,(anonymous_1)
FN:26,(anonymous_2)
FN:40,(anonymous_3)
FN:54,(anonymous_4)
FNF:5
FNH:0
FNDA:0,(anonymous_0)
FNDA:0,(anonymous_1)
FNDA:0,(anonymous_2)
FNDA:0,(anonymous_3)
FNDA:0,(anonymous_4)
DA:4,0
DA:5,0
DA:6,0
DA:7,0
DA:8,0
DA:10,0
DA:15,0
DA:16,0
DA:17,0
DA:18,0
DA:19,0
DA:21,0
DA:26,0
DA:27,0
DA:28,0
DA:29,0
DA:30,0
DA:31,0
DA:33,0
DA:35,0
DA:40,0
DA:41,0
DA:42,0
DA:43,0
DA:44,0
DA:45,0
DA:47,0
DA:49,0
DA:54,0
DA:55,0
DA:56,0
DA:57,0
DA:58,0
DA:59,0
DA:61,0
DA:63,0
LF:36
LH:0
BRDA:30,0,0,0
BRDA:30,0,1,0
BRDA:44,1,0,0
BRDA:44,1,1,0
BRDA:58,2,0,0
BRDA:58,2,1,0
BRF:6
BRH:0
end_of_record
TN:
SF:controllers\dashboardController.js
FN:4,(anonymous_0)
FN:21,(anonymous_1)
FN:26,(anonymous_2)
FN:36,(anonymous_3)
FN:59,(anonymous_4)
FN:76,(anonymous_5)
FN:124,(anonymous_6)
FN:142,(anonymous_7)
FN:146,(anonymous_8)
FN:170,(anonymous_9)
FN:190,(anonymous_10)
FN:212,(anonymous_11)
FNF:12
FNH:0
FNDA:0,(anonymous_0)
FNDA:0,(anonymous_1)
FNDA:0,(anonymous_2)
FNDA:0,(anonymous_3)
FNDA:0,(anonymous_4)
FNDA:0,(anonymous_5)
FNDA:0,(anonymous_6)
FNDA:0,(anonymous_7)
FNDA:0,(anonymous_8)
FNDA:0,(anonymous_9)
FNDA:0,(anonymous_10)
FNDA:0,(anonymous_11)
DA:4,0
DA:5,0
DA:6,0
DA:7,0
DA:9,0
DA:10,0
DA:13,0
DA:18,0
DA:21,0
DA:22,0
DA:26,0
DA:27,0
DA:30,0
DA:31,0
DA:32,0
DA:36,0
DA:37,0
DA:43,0
DA:48,0
DA:49,0
DA:51,0
DA:56,0
DA:57,0
DA:59,0
DA:60,0
DA:61,0
DA:62,0
DA:66,0
DA:71,0
DA:76,0
DA:77,0
DA:79,0
DA:81,0
DA:82,0
DA:84,0
DA:85,0
DA:87,0
DA:89,0
DA:90,0
DA:93,0
DA:104,0
DA:115,0
DA:116,0
DA:124,0
DA:125,0
DA:126,0
DA:127,0
DA:130,0
DA:131,0
DA:132,0
DA:133,0
DA:135,0
DA:136,0
DA:138,0
DA:142,0
DA:143,0
DA:146,0
DA:147,0
DA:150,0
DA:158,0
DA:161,0
DA:162,0
DA:170,0
DA:171,0
DA:172,0
DA:173,0
DA:175,0
DA:176,0
DA:178,0
DA:183,0
DA:190,0
DA:191,0
DA:192,0
DA:193,0
DA:194,0
DA:196,0
DA:200,0
DA:203,0
DA:204,0
DA:212,0
DA:213,0
DA:218,0
DA:226,0
DA:227,0
LF:84
LH:0
BRDA:22,0,0,0
BRDA:22,0,1,0
BRDA:27,1,0,0
BRDA:27,1,1,0
BRDA:27,2,0,0
BRDA:27,2,1,0
BRDA:32,3,0,0
BRDA:32,3,1,0
BRDA:32,3,2,0
BRDA:37,4,0,0
BRDA:37,4,1,0
BRDA:37,4,2,0
BRDA:37,4,3,0
BRDA:43,5,0,0
BRDA:43,5,1,0
BRDA:60,6,0,0
BRDA:60,6,1,0
BRDA:60,7,0,0
BRDA:60,7,1,0
BRDA:66,8,0,0
BRDA:66,8,1,0
BRDA:79,9,0,0
BRDA:79,9,1,0
BRDA:79,10,0,0
BRDA:79,10,1,0
BRDA:84,11,0,0
BRDA:84,11,1,0
BRDA:84,12,0,0
BRDA:84,12,1,0
BRDA:84,12,2,0
BRDA:89,13,0,0
BRDA:89,13,1,0
BRDA:89,14,0,0
BRDA:89,14,1,0
BRDA:98,15,0,0
BRDA:98,15,1,0
BRDA:143,16,0,0
BRDA:143,16,1,0
BRDA:147,17,0,0
BRDA:147,17,1,0
BRDA:191,18,0,0
BRDA:191,18,1,0
BRDA:191,19,0,0
BRDA:191,19,1,0
BRDA:193,20,0,0
BRDA:193,20,1,0
BRF:46
BRH:0
end_of_record
TN:
SF:controllers\disciplinaryActionController.js
FN:11,(anonymous_0)
FN:22,(anonymous_1)
FN:30,(anonymous_2)
FN:84,(anonymous_3)
FN:163,(anonymous_4)
FN:227,(anonymous_5)
FN:296,(anonymous_6)
FN:338,(anonymous_7)
FN:358,(anonymous_8)
FN:401,(anonymous_9)
FN:438,(anonymous_10)
FNF:11
FNH:0
FNDA:0,(anonymous_0)
FNDA:0,(anonymous_1)
FNDA:0,(anonymous_2)
FNDA:0,(anonymous_3)
FNDA:0,(anonymous_4)
FNDA:0,(anonymous_5)
FNDA:0,(anonymous_6)
FNDA:0,(anonymous_7)
FNDA:0,(anonymous_8)
FNDA:0,(anonymous_9)
FNDA:0,(anonymous_10)
DA:10,0
DA:13,0
DA:16,0
DA:17,0
DA:18,0
DA:20,0
DA:23,0
DA:24,0
DA:28,0
DA:30,0
DA:31,0
DA:32,0
DA:33,0
DA:34,0
DA:35,0
DA:36,0
DA:42,0
DA:47,0
DA:49,0
DA:50,0
DA:51,0
DA:52,0
DA:53,0
DA:54,0
DA:57,0
DA:58,0
DA:68,0
DA:69,0
DA:72,0
DA:73,0
DA:76,0
DA:77,0
DA:79,0
DA:80,0
DA:84,0
DA:85,0
DA:87,0
DA:89,0
DA:90,0
DA:96,0
DA:97,0
DA:98,0
DA:101,0
DA:117,0
DA:120,0
DA:121,0
DA:129,0
DA:141,0
DA:143,0
DA:150,0
DA:151,0
DA:153,0
DA:154,0
DA:163,0
DA:164,0
DA:166,0
DA:168,0
DA:169,0
DA:175,0
DA:177,0
DA:178,0
DA:184,0
DA:189,0
DA:195,0
DA:197,0
DA:198,0
DA:204,0
DA:206,0
DA:211,0
DA:212,0
DA:218,0
DA:227,0
DA:228,0
DA:230,0
DA:232,0
DA:233,0
DA:239,0
DA:241,0
DA:242,0
DA:248,0
DA:253,0
DA:269,0
DA:272,0
DA:273,0
DA:280,0
DA:292,0
DA:294,0
DA:295,0
DA:296,0
DA:297,0
DA:302,0
DA:309,0
DA:318,0
DA:319,0
DA:325,0
DA:326,0
DA:328,0
DA:334,0
DA:335,0
DA:338,0
DA:342,0
DA:343,0
DA:349,0
DA:358,0
DA:359,0
DA:361,0
DA:363,0
DA:364,0
DA:370,0
DA:372,0
DA:373,0
DA:379,0
DA:384,0
DA:390,0
DA:392,0
DA:393,0
DA:400,0
DA:401,0
DA:402,0
DA:406,0
DA:408,0
DA:409,0
DA:417,0
DA:422,0
DA:423,0
DA:429,0
DA:438,0
DA:439,0
DA:441,0
DA:443,0
DA:444,0
DA:450,0
DA:452,0
DA:453,0
DA:459,0
DA:464,0
DA:467,0
DA:468,0
DA:470,0
DA:471,0
DA:479,0
DA:486,0
DA:492,0
DA:494,0
DA:496,0
DA:500,0
LF:146
LH:0
BRDA:13,0,0,0
BRDA:13,0,1,0
BRDA:17,1,0,0
BRDA:17,1,1,0
BRDA:35,2,0,0
BRDA:35,2,1,0
BRDA:51,3,0,0
BRDA:51,3,1,0
BRDA:52,4,0,0
BRDA:52,4,1,0
BRDA:52,4,2,0
BRDA:57,5,0,0
BRDA:57,5,1,0
BRDA:68,6,0,0
BRDA:68,6,1,0
BRDA:68,7,0,0
BRDA:68,7,1,0
BRDA:89,8,0,0
BRDA:89,8,1,0
BRDA:120,9,0,0
BRDA:120,9,1,0
BRDA:120,10,0,0
BRDA:120,10,1,0
BRDA:120,10,2,0
BRDA:120,10,3,0
BRDA:120,10,4,0
BRDA:141,11,0,0
BRDA:141,11,1,0
BRDA:157,12,0,0
BRDA:157,12,1,0
BRDA:168,13,0,0
BRDA:168,13,1,0
BRDA:177,14,0,0
BRDA:177,14,1,0
BRDA:197,15,0,0
BRDA:197,15,1,0
BRDA:211,16,0,0
BRDA:211,16,1,0
BRDA:211,17,0,0
BRDA:211,17,1,0
BRDA:221,18,0,0
BRDA:221,18,1,0
BRDA:232,19,0,0
BRDA:232,19,1,0
BRDA:241,20,0,0
BRDA:241,20,1,0
BRDA:272,21,0,0
BRDA:272,21,1,0
BRDA:272,22,0,0
BRDA:272,22,1,0
BRDA:272,22,2,0
BRDA:272,22,3,0
BRDA:272,22,4,0
BRDA:292,23,0,0
BRDA:292,23,1,0
BRDA:295,24,0,0
BRDA:295,24,1,0
BRDA:295,25,0,0
BRDA:295,25,1,0
BRDA:297,26,0,0
BRDA:297,26,1,0
BRDA:318,27,0,0
BRDA:318,27,1,0
BRDA:334,28,0,0
BRDA:334,28,1,0
BRDA:342,29,0,0
BRDA:342,29,1,0
BRDA:342,30,0,0
BRDA:342,30,1,0
BRDA:352,31,0,0
BRDA:352,31,1,0
BRDA:363,32,0,0
BRDA:363,32,1,0
BRDA:372,33,0,0
BRDA:372,33,1,0
BRDA:392,34,0,0
BRDA:392,34,1,0
BRDA:400,35,0,0
BRDA:400,35,1,0
BRDA:400,36,0,0
BRDA:400,36,1,0
BRDA:402,37,0,0
BRDA:402,37,1,0
BRDA:422,38,0,0
BRDA:422,38,1,0
BRDA:422,39,0,0
BRDA:422,39,1,0
BRDA:432,40,0,0
BRDA:432,40,1,0
BRDA:443,41,0,0
BRDA:443,41,1,0
BRDA:452,42,0,0
BRDA:452,42,1,0
BRDA:467,43,0,0
BRDA:467,43,1,0
BRDA:470,44,0,0
BRDA:470,44,1,0
BRDA:492,45,0,0
BRDA:492,45,1,0
BRDA:492,46,0,0
BRDA:492,46,1,0
BRDA:503,47,0,0
BRDA:503,47,1,0
BRF:103
BRH:0
end_of_record
TN:
SF:controllers\documentController-1.js
FN:3,(anonymous_0)
FN:21,(anonymous_1)
FN:32,(anonymous_2)
FN:45,(anonymous_3)
FN:57,(anonymous_4)
FNF:5
FNH:0
FNDA:0,(anonymous_0)
FNDA:0,(anonymous_1)
FNDA:0,(anonymous_2)
FNDA:0,(anonymous_3)
FNDA:0,(anonymous_4)
DA:3,0
DA:4,0
DA:5,0
DA:14,0
DA:15,0
DA:17,0
DA:21,0
DA:22,0
DA:23,0
DA:26,0
DA:28,0
DA:32,0
DA:33,0
DA:34,0
DA:39,0
DA:41,0
DA:45,0
DA:46,0
DA:47,0
DA:51,0
DA:53,0
DA:57,0
DA:58,0
DA:59,0
DA:64,0
DA:66,0
LF:26
LH:0
BRDA:11,0,0,0
BRDA:11,0,1,0
BRF:2
BRH:0
end_of_record
TN:
SF:controllers\documentController.js
FN:5,(anonymous_0)
FN:15,(anonymous_1)
FN:39,(anonymous_2)
FN:53,(anonymous_3)
FN:63,(anonymous_4)
FN:77,(anonymous_5)
FNF:6
FNH:0
FNDA:0,(anonymous_0)
FNDA:0,(anonymous_1)
FNDA:0,(anonymous_2)
FNDA:0,(anonymous_3)
FNDA:0,(anonymous_4)
FNDA:0,(anonymous_5)
DA:3,0
DA:6,0
DA:7,0
DA:8,0
DA:10,0
DA:16,0
DA:17,0
DA:29,0
DA:30,0
DA:31,0
DA:33,0
DA:40,0
DA:41,0
DA:46,0
DA:48,0
DA:54,0
DA:55,0
DA:56,0
DA:58,0
DA:64,0
DA:65,0
DA:66,0
DA:70,0
DA:72,0
DA:78,0
DA:79,0
DA:80,0
DA:84,0
DA:86,0
LF:29
LH:0
BRF:0
BRH:0
end_of_record
TN:
SF:controllers\employeeController.js
FN:5,(anonymous_0)
FN:26,(anonymous_1)
FN:37,(anonymous_2)
FN:48,(anonymous_3)
FNF:4
FNH:0
FNDA:0,(anonymous_0)
FNDA:0,(anonymous_1)
FNDA:0,(anonymous_2)
FNDA:0,(anonymous_3)
DA:5,0
DA:6,0
DA:7,0
DA:8,0
DA:10,0
DA:11,0
DA:14,0
DA:15,0
DA:18,0
DA:19,0
DA:21,0
DA:26,0
DA:27,0
DA:28,0
DA:29,0
DA:30,0
DA:32,0
DA:37,0
DA:38,0
DA:39,0
DA:40,0
DA:41,0
DA:43,0
DA:48,0
DA:49,0
DA:50,0
DA:51,0
DA:52,0
DA:54,0
LF:29
LH:0
BRDA:10,0,0,0
BRDA:10,0,1,0
BRDA:14,1,0,0
BRDA:14,1,1,0
BRDA:14,2,0,0
BRDA:14,2,1,0
BRDA:40,3,0,0
BRDA:40,3,1,0
BRDA:51,4,0,0
BRDA:51,4,1,0
BRF:10
BRH:0
end_of_record
TN:
SF:controllers\employeesController.js
FN:4,(anonymous_0)
FN:18,(anonymous_1)
FN:20,(anonymous_2)
FN:24,(anonymous_3)
FN:46,(anonymous_4)
FN:68,(anonymous_5)
FN:71,(anonymous_6)
FN:74,(anonymous_7)
FN:77,(anonymous_8)
FN:80,(anonymous_9)
FN:83,(anonymous_10)
FN:86,(anonymous_11)
FNF:12
FNH:0
FNDA:0,(anonymous_0)
FNDA:0,(anonymous_1)
FNDA:0,(anonymous_2)
FNDA:0,(anonymous_3)
FNDA:0,(anonymous_4)
FNDA:0,(anonymous_5)
FNDA:0,(anonymous_6)
FNDA:0,(anonymous_7)
FNDA:0,(anonymous_8)
FNDA:0,(anonymous_9)
FNDA:0,(anonymous_10)
FNDA:0,(anonymous_11)
DA:4,0
DA:5,0
DA:6,0
DA:7,0
DA:8,0
DA:10,0
DA:11,0
DA:13,0
DA:18,0
DA:20,0
DA:24,0
DA:25,0
DA:26,0
DA:27,0
DA:29,0
DA:30,0
DA:33,0
DA:39,0
DA:41,0
DA:46,0
DA:47,0
DA:48,0
DA:49,0
DA:51,0
DA:57,0
DA:58,0
DA:61,0
DA:63,0
DA:68,0
DA:71,0
DA:74,0
DA:77,0
DA:80,0
DA:83,0
DA:86,0
DA:87,0
DA:88,0
DA:89,0
DA:91,0
DA:92,0
DA:95,0
DA:97,0
LF:42
LH:0
BRDA:7,0,0,0
BRDA:7,0,1,0
BRDA:7,1,0,0
BRDA:7,1,1,0
BRDA:20,2,0,0
BRDA:20,2,1,0
BRDA:20,3,0,0
BRDA:20,3,1,0
BRDA:29,4,0,0
BRDA:29,4,1,0
BRDA:35,5,0,0
BRDA:35,5,1,0
BRDA:49,6,0,0
BRDA:49,6,1,0
BRDA:57,7,0,0
BRDA:57,7,1,0
BRDA:91,8,0,0
BRDA:91,8,1,0
BRF:18
BRH:0
end_of_record
TN:
SF:controllers\feedbackController.js
FN:5,(anonymous_0)
FN:91,(anonymous_1)
FN:168,(anonymous_2)
FN:169,(anonymous_3)
FN:170,(anonymous_4)
FN:171,(anonymous_5)
FN:190,(anonymous_6)
FN:250,(anonymous_7)
FN:271,(anonymous_8)
FN:314,(anonymous_9)
FN:351,(anonymous_10)
FN:385,(anonymous_11)
FN:428,(anonymous_12)
FN:514,(anonymous_13)
FN:570,(anonymous_14)
FN:607,(anonymous_15)
FN:632,(anonymous_16)
FN:649,(anonymous_17)
FN:683,(anonymous_18)
FN:719,(anonymous_19)
FN:755,(anonymous_20)
FN:763,(anonymous_21)
FN:789,(anonymous_22)
FN:828,(anonymous_23)
FN:859,(anonymous_24)
FN:860,(anonymous_25)
FN:861,(anonymous_26)
FN:862,(anonymous_27)
FN:875,(anonymous_28)
FN:962,(anonymous_29)
FN:1054,(anonymous_30)
FN:1102,(anonymous_31)
FN:1138,(anonymous_32)
FN:1190,(anonymous_33)
FNF:34
FNH:0
FNDA:0,(anonymous_0)
FNDA:0,(anonymous_1)
FNDA:0,(anonymous_2)
FNDA:0,(anonymous_3)
FNDA:0,(anonymous_4)
FNDA:0,(anonymous_5)
FNDA:0,(anonymous_6)
FNDA:0,(anonymous_7)
FNDA:0,(anonymous_8)
FNDA:0,(anonymous_9)
FNDA:0,(anonymous_10)
FNDA:0,(anonymous_11)
FNDA:0,(anonymous_12)
FNDA:0,(anonymous_13)
FNDA:0,(anonymous_14)
FNDA:0,(anonymous_15)
FNDA:0,(anonymous_16)
FNDA:0,(anonymous_17)
FNDA:0,(anonymous_18)
FNDA:0,(anonymous_19)
FNDA:0,(anonymous_20)
FNDA:0,(anonymous_21)
FNDA:0,(anonymous_22)
FNDA:0,(anonymous_23)
FNDA:0,(anonymous_24)
FNDA:0,(anonymous_25)
FNDA:0,(anonymous_26)
FNDA:0,(anonymous_27)
FNDA:0,(anonymous_28)
FNDA:0,(anonymous_29)
FNDA:0,(anonymous_30)
FNDA:0,(anonymous_31)
FNDA:0,(anonymous_32)
FNDA:0,(anonymous_33)
DA:5,0
DA:6,0
DA:8,0
DA:10,0
DA:11,0
DA:17,0
DA:20,0
DA:22,0
DA:25,0
DA:27,0
DA:34,0
DA:41,0
DA:44,0
DA:57,0
DA:59,0
DA:70,0
DA:73,0
DA:80,0
DA:81,0
DA:83,0
DA:84,0
DA:91,0
DA:92,0
DA:94,0
DA:96,0
DA:97,0
DA:103,0
DA:106,0
DA:122,0
DA:125,0
DA:127,0
DA:128,0
DA:137,0
DA:138,0
DA:139,0
DA:140,0
DA:145,0
DA:146,0
DA:147,0
DA:152,0
DA:153,0
DA:154,0
DA:155,0
DA:158,0
DA:161,0
DA:167,0
DA:168,0
DA:169,0
DA:170,0
DA:171,0
DA:175,0
DA:176,0
DA:177,0
DA:178,0
DA:180,0
DA:182,0
DA:183,0
DA:190,0
DA:191,0
DA:193,0
DA:195,0
DA:196,0
DA:202,0
DA:204,0
DA:207,0
DA:209,0
DA:212,0
DA:213,0
DA:214,0
DA:218,0
DA:219,0
DA:226,0
DA:229,0
DA:236,0
DA:238,0
DA:245,0
DA:247,0
DA:249,0
DA:251,0
DA:261,0
DA:263,0
DA:264,0
DA:271,0
DA:272,0
DA:274,0
DA:276,0
DA:277,0
DA:283,0
DA:285,0
DA:288,0
DA:291,0
DA:292,0
DA:293,0
DA:297,0
DA:298,0
DA:302,0
DA:304,0
DA:306,0
DA:307,0
DA:314,0
DA:315,0
DA:317,0
DA:319,0
DA:320,0
DA:326,0
DA:328,0
DA:331,0
DA:334,0
DA:335,0
DA:336,0
DA:339,0
DA:341,0
DA:343,0
DA:344,0
DA:351,0
DA:352,0
DA:354,0
DA:356,0
DA:357,0
DA:363,0
DA:365,0
DA:368,0
DA:370,0
DA:371,0
DA:372,0
DA:375,0
DA:377,0
DA:378,0
DA:385,0
DA:386,0
DA:388,0
DA:390,0
DA:391,0
DA:397,0
DA:398,0
DA:400,0
DA:403,0
DA:405,0
DA:406,0
DA:409,0
DA:410,0
DA:411,0
DA:415,0
DA:416,0
DA:418,0
DA:420,0
DA:421,0
DA:428,0
DA:429,0
DA:431,0
DA:433,0
DA:434,0
DA:440,0
DA:443,0
DA:446,0
DA:447,0
DA:448,0
DA:449,0
DA:452,0
DA:453,0
DA:454,0
DA:455,0
DA:458,0
DA:459,0
DA:460,0
DA:461,0
DA:464,0
DA:470,0
DA:471,0
DA:472,0
DA:474,0
DA:480,0
DA:504,0
DA:506,0
DA:507,0
DA:514,0
DA:515,0
DA:517,0
DA:519,0
DA:520,0
DA:526,0
DA:527,0
DA:529,0
DA:532,0
DA:534,0
DA:535,0
DA:536,0
DA:540,0
DA:548,0
DA:556,0
DA:558,0
DA:560,0
DA:562,0
DA:563,0
DA:570,0
DA:571,0
DA:573,0
DA:575,0
DA:576,0
DA:582,0
DA:584,0
DA:587,0
DA:590,0
DA:597,0
DA:599,0
DA:600,0
DA:607,0
DA:608,0
DA:610,0
DA:612,0
DA:613,0
DA:619,0
DA:621,0
DA:624,0
DA:627,0
DA:628,0
DA:632,0
DA:635,0
DA:639,0
DA:641,0
DA:642,0
DA:649,0
DA:650,0
DA:652,0
DA:654,0
DA:655,0
DA:661,0
DA:664,0
DA:666,0
DA:668,0
DA:673,0
DA:675,0
DA:676,0
DA:683,0
DA:684,0
DA:686,0
DA:688,0
DA:689,0
DA:695,0
DA:698,0
DA:700,0
DA:701,0
DA:702,0
DA:704,0
DA:709,0
DA:711,0
DA:712,0
DA:719,0
DA:720,0
DA:722,0
DA:724,0
DA:725,0
DA:731,0
DA:733,0
DA:736,0
DA:738,0
DA:739,0
DA:742,0
DA:743,0
DA:747,0
DA:755,0
DA:756,0
DA:757,0
DA:760,0
DA:763,0
DA:764,0
DA:765,0
DA:769,0
DA:772,0
DA:773,0
DA:775,0
DA:781,0
DA:782,0
DA:789,0
DA:790,0
DA:792,0
DA:794,0
DA:795,0
DA:801,0
DA:803,0
DA:806,0
DA:808,0
DA:809,0
DA:813,0
DA:815,0
DA:820,0
DA:821,0
DA:828,0
DA:829,0
DA:831,0
DA:833,0
DA:834,0
DA:840,0
DA:842,0
DA:845,0
DA:848,0
DA:858,0
DA:859,0
DA:860,0
DA:861,0
DA:862,0
DA:865,0
DA:867,0
DA:868,0
DA:875,0
DA:876,0
DA:878,0
DA:880,0
DA:881,0
DA:887,0
DA:888,0
DA:890,0
DA:893,0
DA:896,0
DA:897,0
DA:900,0
DA:901,0
DA:902,0
DA:906,0
DA:909,0
DA:917,0
DA:918,0
DA:924,0
DA:927,0
DA:928,0
DA:929,0
DA:930,0
DA:933,0
DA:941,0
DA:942,0
DA:948,0
DA:952,0
DA:954,0
DA:955,0
DA:962,0
DA:963,0
DA:965,0
DA:967,0
DA:968,0
DA:974,0
DA:975,0
DA:977,0
DA:980,0
DA:983,0
DA:984,0
DA:987,0
DA:988,0
DA:989,0
DA:993,0
DA:994,0
DA:997,0
DA:1005,0
DA:1006,0
DA:1012,0
DA:1015,0
DA:1016,0
DA:1017,0
DA:1018,0
DA:1019,0
DA:1022,0
DA:1030,0
DA:1031,0
DA:1037,0
DA:1041,0
DA:1046,0
DA:1047,0
DA:1054,0
DA:1055,0
DA:1057,0
DA:1059,0
DA:1060,0
DA:1066,0
DA:1068,0
DA:1071,0
DA:1073,0
DA:1074,0
DA:1075,0
DA:1080,0
DA:1082,0
DA:1085,0
DA:1088,0
DA:1089,0
DA:1092,0
DA:1094,0
DA:1095,0
DA:1102,0
DA:1103,0
DA:1105,0
DA:1107,0
DA:1108,0
DA:1114,0
DA:1116,0
DA:1119,0
DA:1122,0
DA:1128,0
DA:1130,0
DA:1131,0
DA:1138,0
DA:1139,0
DA:1141,0
DA:1143,0
DA:1144,0
DA:1150,0
DA:1151,0
DA:1153,0
DA:1156,0
DA:1158,0
DA:1159,0
DA:1162,0
DA:1163,0
DA:1164,0
DA:1168,0
DA:1171,0
DA:1178,0
DA:1180,0
DA:1182,0
DA:1183,0
DA:1190,0
DA:1191,0
DA:1193,0
DA:1195,0
DA:1196,0
DA:1202,0
DA:1204,0
DA:1207,0
DA:1210,0
DA:1215,0
DA:1223,0
DA:1229,0
DA:1235,0
DA:1244,0
DA:1253,0
DA:1262,0
DA:1272,0
DA:1273,0
DA:1284,0
DA:1285,0
DA:1287,0
DA:1298,0
DA:1316,0
DA:1318,0
DA:1319,0
LF:442
LH:0
BRDA:10,0,0,0
BRDA:10,0,1,0
BRDA:25,1,0,0
BRDA:25,1,1,0
BRDA:25,2,0,0
BRDA:25,2,1,0
BRDA:37,3,0,0
BRDA:37,3,1,0
BRDA:52,4,0,0
BRDA:52,4,1,0
BRDA:76,5,0,0
BRDA:76,5,1,0
BRDA:96,6,0,0
BRDA:96,6,1,0
BRDA:118,7,0,0
BRDA:119,8,0,0
BRDA:120,9,0,0
BRDA:121,10,0,0
BRDA:127,11,0,0
BRDA:127,11,1,0
BRDA:137,12,0,0
BRDA:137,12,1,0
BRDA:138,13,0,0
BRDA:138,13,1,0
BRDA:139,14,0,0
BRDA:139,14,1,0
BRDA:145,15,0,0
BRDA:145,15,1,0
BRDA:146,16,0,0
BRDA:146,16,1,0
BRDA:152,17,0,0
BRDA:152,17,1,0
BRDA:153,18,0,0
BRDA:153,18,1,0
BRDA:154,19,0,0
BRDA:154,19,1,0
BRDA:155,20,0,0
BRDA:155,20,1,0
BRDA:162,21,0,0
BRDA:162,21,1,0
BRDA:195,22,0,0
BRDA:195,22,1,0
BRDA:213,23,0,0
BRDA:213,23,1,0
BRDA:218,24,0,0
BRDA:218,24,1,0
BRDA:218,25,0,0
BRDA:218,25,1,0
BRDA:222,26,0,0
BRDA:222,26,1,0
BRDA:236,27,0,0
BRDA:236,27,1,0
BRDA:247,28,0,0
BRDA:247,28,1,0
BRDA:276,29,0,0
BRDA:276,29,1,0
BRDA:292,30,0,0
BRDA:292,30,1,0
BRDA:297,31,0,0
BRDA:297,31,1,0
BRDA:319,32,0,0
BRDA:319,32,1,0
BRDA:335,33,0,0
BRDA:335,33,1,0
BRDA:356,34,0,0
BRDA:356,34,1,0
BRDA:371,35,0,0
BRDA:371,35,1,0
BRDA:375,36,0,0
BRDA:375,36,1,0
BRDA:390,37,0,0
BRDA:390,37,1,0
BRDA:405,38,0,0
BRDA:405,38,1,0
BRDA:410,39,0,0
BRDA:410,39,1,0
BRDA:433,40,0,0
BRDA:433,40,1,0
BRDA:519,41,0,0
BRDA:519,41,1,0
BRDA:535,42,0,0
BRDA:535,42,1,0
BRDA:551,43,0,0
BRDA:551,43,1,0
BRDA:575,44,0,0
BRDA:575,44,1,0
BRDA:612,45,0,0
BRDA:612,45,1,0
BRDA:654,46,0,0
BRDA:654,46,1,0
BRDA:688,47,0,0
BRDA:688,47,1,0
BRDA:724,48,0,0
BRDA:724,48,1,0
BRDA:738,49,0,0
BRDA:738,49,1,0
BRDA:738,50,0,0
BRDA:738,50,1,0
BRDA:738,50,2,0
BRDA:742,51,0,0
BRDA:742,51,1,0
BRDA:742,52,0,0
BRDA:742,52,1,0
BRDA:750,53,0,0
BRDA:750,53,1,0
BRDA:757,54,0,0
BRDA:757,54,1,0
BRDA:764,55,0,0
BRDA:764,55,1,0
BRDA:794,56,0,0
BRDA:794,56,1,0
BRDA:808,57,0,0
BRDA:808,57,1,0
BRDA:808,58,0,0
BRDA:808,58,1,0
BRDA:808,58,2,0
BRDA:833,59,0,0
BRDA:833,59,1,0
BRDA:859,60,0,0
BRDA:859,60,1,0
BRDA:860,61,0,0
BRDA:860,61,1,0
BRDA:860,61,2,0
BRDA:861,62,0,0
BRDA:861,62,1,0
BRDA:861,62,2,0
BRDA:862,63,0,0
BRDA:862,63,1,0
BRDA:880,64,0,0
BRDA:880,64,1,0
BRDA:896,65,0,0
BRDA:896,65,1,0
BRDA:901,66,0,0
BRDA:901,66,1,0
BRDA:912,67,0,0
BRDA:912,67,1,0
BRDA:913,68,0,0
BRDA:913,68,1,0
BRDA:917,69,0,0
BRDA:917,69,1,0
BRDA:920,70,0,0
BRDA:920,70,1,0
BRDA:927,71,0,0
BRDA:927,71,1,0
BRDA:929,72,0,0
BRDA:929,72,1,0
BRDA:936,73,0,0
BRDA:936,73,1,0
BRDA:937,74,0,0
BRDA:937,74,1,0
BRDA:941,75,0,0
BRDA:941,75,1,0
BRDA:944,76,0,0
BRDA:944,76,1,0
BRDA:967,77,0,0
BRDA:967,77,1,0
BRDA:983,78,0,0
BRDA:983,78,1,0
BRDA:988,79,0,0
BRDA:988,79,1,0
BRDA:994,80,0,0
BRDA:994,80,1,0
BRDA:1000,81,0,0
BRDA:1000,81,1,0
BRDA:1001,82,0,0
BRDA:1001,82,1,0
BRDA:1005,83,0,0
BRDA:1005,83,1,0
BRDA:1008,84,0,0
BRDA:1008,84,1,0
BRDA:1015,85,0,0
BRDA:1015,85,1,0
BRDA:1017,86,0,0
BRDA:1017,86,1,0
BRDA:1019,87,0,0
BRDA:1019,87,1,0
BRDA:1025,88,0,0
BRDA:1025,88,1,0
BRDA:1026,89,0,0
BRDA:1026,89,1,0
BRDA:1030,90,0,0
BRDA:1030,90,1,0
BRDA:1033,91,0,0
BRDA:1033,91,1,0
BRDA:1059,92,0,0
BRDA:1059,92,1,0
BRDA:1074,93,0,0
BRDA:1074,93,1,0
BRDA:1080,94,0,0
BRDA:1080,94,1,0
BRDA:1088,95,0,0
BRDA:1088,95,1,0
BRDA:1107,96,0,0
BRDA:1107,96,1,0
BRDA:1143,97,0,0
BRDA:1143,97,1,0
BRDA:1158,98,0,0
BRDA:1158,98,1,0
BRDA:1163,99,0,0
BRDA:1163,99,1,0
BRDA:1174,100,0,0
BRDA:1174,100,1,0
BRDA:1195,101,0,0
BRDA:1195,101,1,0
BRF:204
BRH:0
end_of_record
TN:
SF:controllers\hiredEmployeeController.js
FN:4,(anonymous_0)
FN:35,(anonymous_1)
FN:66,(anonymous_2)
FN:84,(anonymous_3)
FN:133,(anonymous_4)
FN:151,(anonymous_5)
FN:207,(anonymous_6)
FN:260,(anonymous_7)
FNF:8
FNH:0
FNDA:0,(anonymous_0)
FNDA:0,(anonymous_1)
FNDA:0,(anonymous_2)
FNDA:0,(anonymous_3)
FNDA:0,(anonymous_4)
FNDA:0,(anonymous_5)
FNDA:0,(anonymous_6)
FNDA:0,(anonymous_7)
DA:4,0
DA:5,0
DA:7,0
DA:9,0
DA:10,0
DA:16,0
DA:19,0
DA:22,0
DA:24,0
DA:25,0
DA:27,0
DA:28,0
DA:35,0
DA:36,0
DA:38,0
DA:40,0
DA:41,0
DA:47,0
DA:50,0
DA:53,0
DA:54,0
DA:56,0
DA:57,0
DA:59,0
DA:62,0
DA:63,0
DA:66,0
DA:70,0
DA:71,0
DA:77,0
DA:84,0
DA:85,0
DA:87,0
DA:89,0
DA:90,0
DA:96,0
DA:97,0
DA:98,0
DA:104,0
DA:107,0
DA:110,0
DA:116,0
DA:117,0
DA:123,0
DA:124,0
DA:126,0
DA:129,0
DA:130,0
DA:133,0
DA:137,0
DA:138,0
DA:144,0
DA:151,0
DA:152,0
DA:154,0
DA:156,0
DA:157,0
DA:163,0
DA:164,0
DA:165,0
DA:171,0
DA:174,0
DA:177,0
DA:179,0
DA:180,0
DA:186,0
DA:187,0
DA:191,0
DA:193,0
DA:194,0
DA:200,0
DA:207,0
DA:208,0
DA:210,0
DA:212,0
DA:213,0
DA:219,0
DA:220,0
DA:221,0
DA:227,0
DA:230,0
DA:233,0
DA:235,0
DA:236,0
DA:242,0
DA:244,0
DA:246,0
DA:247,0
DA:253,0
DA:260,0
DA:261,0
DA:263,0
DA:265,0
DA:266,0
DA:272,0
DA:275,0
DA:277,0
DA:278,0
DA:280,0
DA:281,0
DA:283,0
DA:284,0
DA:286,0
DA:287,0
DA:294,0
DA:297,0
DA:299,0
DA:300,0
DA:302,0
DA:303,0
LF:110
LH:0
BRDA:9,0,0,0
BRDA:9,0,1,0
BRDA:40,1,0,0
BRDA:40,1,1,0
BRDA:62,2,0,0
BRDA:62,2,1,0
BRDA:70,3,0,0
BRDA:70,3,1,0
BRDA:70,4,0,0
BRDA:70,4,1,0
BRDA:89,5,0,0
BRDA:89,5,1,0
BRDA:97,6,0,0
BRDA:97,6,1,0
BRDA:116,7,0,0
BRDA:116,7,1,0
BRDA:129,8,0,0
BRDA:129,8,1,0
BRDA:137,9,0,0
BRDA:137,9,1,0
BRDA:137,10,0,0
BRDA:137,10,1,0
BRDA:156,11,0,0
BRDA:156,11,1,0
BRDA:164,12,0,0
BRDA:164,12,1,0
BRDA:179,13,0,0
BRDA:179,13,1,0
BRDA:193,14,0,0
BRDA:193,14,1,0
BRDA:193,15,0,0
BRDA:193,15,1,0
BRDA:212,16,0,0
BRDA:212,16,1,0
BRDA:220,17,0,0
BRDA:220,17,1,0
BRDA:235,18,0,0
BRDA:235,18,1,0
BRDA:246,19,0,0
BRDA:246,19,1,0
BRDA:246,20,0,0
BRDA:246,20,1,0
BRDA:265,21,0,0
BRDA:265,21,1,0
BRDA:280,22,0,0
BRDA:280,22,1,0
BRDA:280,23,0,0
BRDA:280,23,1,0
BRDA:283,24,0,0
BRDA:283,24,1,0
BRDA:283,25,0,0
BRDA:283,25,1,0
BRDA:286,26,0,0
BRDA:286,26,1,0
BRF:54
BRH:0
end_of_record
TN:
SF:controllers\interviewController.js
FN:5,(anonymous_0)
FN:45,(anonymous_1)
FN:65,(anonymous_2)
FN:104,(anonymous_3)
FN:165,(anonymous_4)
FN:185,(anonymous_5)
FN:248,(anonymous_6)
FNF:7
FNH:0
FNDA:0,(anonymous_0)
FNDA:0,(anonymous_1)
FNDA:0,(anonymous_2)
FNDA:0,(anonymous_3)
FNDA:0,(anonymous_4)
FNDA:0,(anonymous_5)
FNDA:0,(anonymous_6)
DA:5,0
DA:6,0
DA:8,0
DA:10,0
DA:11,0
DA:17,0
DA:20,0
DA:23,0
DA:24,0
DA:25,0
DA:32,0
DA:33,0
DA:35,0
DA:36,0
DA:38,0
DA:41,0
DA:42,0
DA:45,0
DA:49,0
DA:50,0
DA:56,0
DA:65,0
DA:66,0
DA:68,0
DA:70,0
DA:71,0
DA:77,0
DA:80,0
DA:83,0
DA:84,0
DA:85,0
DA:89,0
DA:91,0
DA:92,0
DA:94,0
DA:95,0
DA:104,0
DA:105,0
DA:107,0
DA:109,0
DA:110,0
DA:116,0
DA:117,0
DA:118,0
DA:124,0
DA:127,0
DA:130,0
DA:131,0
DA:132,0
DA:139,0
DA:148,0
DA:149,0
DA:155,0
DA:156,0
DA:158,0
DA:161,0
DA:162,0
DA:165,0
DA:169,0
DA:170,0
DA:176,0
DA:185,0
DA:186,0
DA:188,0
DA:190,0
DA:191,0
DA:197,0
DA:198,0
DA:199,0
DA:205,0
DA:208,0
DA:211,0
DA:213,0
DA:214,0
DA:220,0
DA:221,0
DA:230,0
DA:232,0
DA:233,0
DA:239,0
DA:248,0
DA:249,0
DA:251,0
DA:253,0
DA:254,0
DA:260,0
DA:261,0
DA:262,0
DA:268,0
DA:271,0
DA:274,0
DA:276,0
DA:277,0
DA:283,0
DA:285,0
DA:287,0
DA:288,0
DA:294,0
LF:98
LH:0
BRDA:10,0,0,0
BRDA:10,0,1,0
BRDA:24,1,0,0
BRDA:24,1,1,0
BRDA:24,2,0,0
BRDA:24,2,1,0
BRDA:24,2,2,0
BRDA:24,2,3,0
BRDA:41,3,0,0
BRDA:41,3,1,0
BRDA:49,4,0,0
BRDA:49,4,1,0
BRDA:49,5,0,0
BRDA:49,5,1,0
BRDA:59,6,0,0
BRDA:59,6,1,0
BRDA:70,7,0,0
BRDA:70,7,1,0
BRDA:84,8,0,0
BRDA:84,8,1,0
BRDA:98,9,0,0
BRDA:98,9,1,0
BRDA:109,10,0,0
BRDA:109,10,1,0
BRDA:117,11,0,0
BRDA:117,11,1,0
BRDA:131,12,0,0
BRDA:131,12,1,0
BRDA:131,13,0,0
BRDA:131,13,1,0
BRDA:131,13,2,0
BRDA:131,13,3,0
BRDA:148,14,0,0
BRDA:148,14,1,0
BRDA:161,15,0,0
BRDA:161,15,1,0
BRDA:169,16,0,0
BRDA:169,16,1,0
BRDA:169,17,0,0
BRDA:169,17,1,0
BRDA:179,18,0,0
BRDA:179,18,1,0
BRDA:190,19,0,0
BRDA:190,19,1,0
BRDA:198,20,0,0
BRDA:198,20,1,0
BRDA:213,21,0,0
BRDA:213,21,1,0
BRDA:232,22,0,0
BRDA:232,22,1,0
BRDA:232,23,0,0
BRDA:232,23,1,0
BRDA:242,24,0,0
BRDA:242,24,1,0
BRDA:253,25,0,0
BRDA:253,25,1,0
BRDA:261,26,0,0
BRDA:261,26,1,0
BRDA:276,27,0,0
BRDA:276,27,1,0
BRDA:287,28,0,0
BRDA:287,28,1,0
BRDA:287,29,0,0
BRDA:287,29,1,0
BRDA:297,30,0,0
BRDA:297,30,1,0
BRF:66
BRH:0
end_of_record
TN:
SF:controllers\invitationController.js
FN:18,(anonymous_0)
FN:74,(anonymous_1)
FN:122,(anonymous_2)
FN:296,(anonymous_3)
FN:318,(anonymous_4)
FN:384,(anonymous_5)
FN:431,(anonymous_6)
FNF:7
FNH:0
FNDA:0,(anonymous_0)
FNDA:0,(anonymous_1)
FNDA:0,(anonymous_2)
FNDA:0,(anonymous_3)
FNDA:0,(anonymous_4)
FNDA:0,(anonymous_5)
FNDA:0,(anonymous_6)
DA:9,0
DA:18,0
DA:19,0
DA:20,0
DA:22,0
DA:23,0
DA:27,0
DA:28,0
DA:30,0
DA:31,0
DA:32,0
DA:33,0
DA:34,0
DA:35,0
DA:37,0
DA:38,0
DA:42,0
DA:49,0
DA:50,0
DA:53,0
DA:54,0
DA:57,0
DA:68,0
DA:69,0
DA:74,0
DA:75,0
DA:77,0
DA:118,0
DA:122,0
DA:123,0
DA:124,0
DA:130,0
DA:131,0
DA:132,0
DA:135,0
DA:136,0
DA:142,0
DA:143,0
DA:145,0
DA:146,0
DA:152,0
DA:158,0
DA:159,0
DA:165,0
DA:168,0
DA:171,0
DA:183,0
DA:184,0
DA:187,0
DA:188,0
DA:190,0
DA:201,0
DA:202,0
DA:204,0
DA:221,0
DA:224,0
DA:227,0
DA:228,0
DA:230,0
DA:231,0
DA:232,0
DA:233,0
DA:235,0
DA:238,0
DA:239,0
DA:241,0
DA:243,0
DA:244,0
DA:245,0
DA:246,0
DA:250,0
DA:251,0
DA:255,0
DA:259,0
DA:262,0
DA:271,0
DA:273,0
DA:282,0
DA:285,0
DA:287,0
DA:290,0
DA:291,0
DA:296,0
DA:297,0
DA:298,0
DA:299,0
DA:301,0
DA:302,0
DA:305,0
DA:307,0
DA:313,0
DA:318,0
DA:319,0
DA:320,0
DA:322,0
DA:327,0
DA:328,0
DA:332,0
DA:333,0
DA:335,0
DA:336,0
DA:340,0
DA:342,0
DA:345,0
DA:346,0
DA:348,0
DA:349,0
DA:350,0
DA:353,0
DA:354,0
DA:357,0
DA:358,0
DA:359,0
DA:360,0
DA:363,0
DA:372,0
DA:374,0
DA:378,0
DA:379,0
DA:384,0
DA:385,0
DA:386,0
DA:388,0
DA:393,0
DA:394,0
DA:398,0
DA:399,0
DA:401,0
DA:402,0
DA:404,0
DA:405,0
DA:408,0
DA:409,0
DA:410,0
DA:411,0
DA:412,0
DA:417,0
DA:418,0
DA:419,0
DA:421,0
DA:425,0
DA:426,0
DA:431,0
DA:432,0
DA:434,0
DA:435,0
DA:437,0
DA:438,0
DA:439,0
DA:443,0
DA:445,0
DA:446,0
DA:447,0
DA:448,0
DA:449,0
DA:452,0
DA:454,0
DA:455,0
LF:158
LH:0
BRDA:22,0,0,0
BRDA:22,0,1,0
BRDA:30,1,0,0
BRDA:30,1,1,0
BRDA:33,2,0,0
BRDA:33,2,1,0
BRDA:49,3,0,0
BRDA:49,3,1,0
BRDA:53,4,0,0
BRDA:53,4,1,0
BRDA:75,5,0,0
BRDA:75,5,1,0
BRDA:101,6,0,0
BRDA:101,6,1,0
BRDA:126,7,0,0
BRDA:126,7,1,0
BRDA:127,8,0,0
BRDA:127,8,1,0
BRDA:135,9,0,0
BRDA:135,9,1,0
BRDA:135,10,0,0
BRDA:135,10,1,0
BRDA:135,10,2,0
BRDA:135,10,3,0
BRDA:145,11,0,0
BRDA:145,11,1,0
BRDA:158,12,0,0
BRDA:158,12,1,0
BRDA:188,13,0,0
BRDA:188,13,1,0
BRDA:206,14,0,0
BRDA:206,14,1,0
BRDA:238,15,0,0
BRDA:238,15,1,0
BRDA:238,16,0,0
BRDA:238,16,1,0
BRDA:238,16,2,0
BRDA:241,17,0,0
BRDA:241,17,1,0
BRDA:301,18,0,0
BRDA:301,18,1,0
BRDA:327,19,0,0
BRDA:327,19,1,0
BRDA:335,20,0,0
BRDA:335,20,1,0
BRDA:393,21,0,0
BRDA:393,21,1,0
BRDA:401,22,0,0
BRDA:401,22,1,0
BRDA:402,23,0,0
BRDA:402,23,1,0
BRDA:437,24,0,0
BRDA:437,24,1,0
BRDA:437,25,0,0
BRDA:437,25,1,0
BRDA:445,26,0,0
BRDA:445,26,1,0
BRDA:445,27,0,0
BRDA:445,27,1,0
BRF:59
BRH:0
end_of_record
TN:
SF:controllers\leaveRequestController.js
FN:4,(anonymous_0)
FN:33,(anonymous_1)
FN:50,(anonymous_2)
FN:84,(anonymous_3)
FN:108,(anonymous_4)
FN:139,(anonymous_5)
FN:160,(anonymous_6)
FN:171,(anonymous_7)
FN:191,(anonymous_8)
FNF:9
FNH:0
FNDA:0,(anonymous_0)
FNDA:0,(anonymous_1)
FNDA:0,(anonymous_2)
FNDA:0,(anonymous_3)
FNDA:0,(anonymous_4)
FNDA:0,(anonymous_5)
FNDA:0,(anonymous_6)
FNDA:0,(anonymous_7)
FNDA:0,(anonymous_8)
DA:4,0
DA:5,0
DA:6,0
DA:7,0
DA:9,0
DA:10,0
DA:11,0
DA:12,0
DA:13,0
DA:15,0
DA:16,0
DA:25,0
DA:26,0
DA:28,0
DA:33,0
DA:34,0
DA:36,0
DA:41,0
DA:42,0
DA:43,0
DA:45,0
DA:50,0
DA:51,0
DA:53,0
DA:55,0
DA:56,0
DA:60,0
DA:61,0
DA:67,0
DA:71,0
DA:77,0
DA:79,0
DA:84,0
DA:85,0
DA:87,0
DA:89,0
DA:90,0
DA:94,0
DA:95,0
DA:100,0
DA:101,0
DA:103,0
DA:108,0
DA:109,0
DA:110,0
DA:113,0
DA:114,0
DA:118,0
DA:119,0
DA:122,0
DA:128,0
DA:129,0
DA:132,0
DA:134,0
DA:139,0
DA:140,0
DA:141,0
DA:143,0
DA:149,0
DA:150,0
DA:153,0
DA:155,0
DA:160,0
DA:161,0
DA:162,0
DA:163,0
DA:164,0
DA:166,0
DA:171,0
DA:172,0
DA:173,0
DA:179,0
DA:180,0
DA:183,0
DA:185,0
DA:186,0
DA:191,0
DA:192,0
DA:193,0
DA:195,0
DA:196,0
DA:199,0
DA:208,0
DA:209,0
DA:212,0
DA:214,0
DA:215,0
LF:87
LH:0
BRDA:9,0,0,0
BRDA:9,0,1,0
BRDA:10,1,0,0
BRDA:10,1,1,0
BRDA:11,2,0,0
BRDA:11,2,1,0
BRDA:11,3,0,0
BRDA:11,3,1,0
BRDA:15,4,0,0
BRDA:15,4,1,0
BRDA:55,5,0,0
BRDA:55,5,1,0
BRDA:60,6,0,0
BRDA:60,6,1,0
BRDA:60,7,0,0
BRDA:60,7,1,0
BRDA:67,8,0,0
BRDA:67,8,1,0
BRDA:89,9,0,0
BRDA:89,9,1,0
BRDA:94,10,0,0
BRDA:94,10,1,0
BRDA:94,11,0,0
BRDA:94,11,1,0
BRDA:113,12,0,0
BRDA:113,12,1,0
BRDA:118,13,0,0
BRDA:118,13,1,0
BRDA:118,14,0,0
BRDA:118,14,1,0
BRDA:118,14,2,0
BRDA:128,15,0,0
BRDA:128,15,1,0
BRDA:149,16,0,0
BRDA:149,16,1,0
BRDA:179,17,0,0
BRDA:179,17,1,0
BRDA:195,18,0,0
BRDA:195,18,1,0
BRDA:208,19,0,0
BRDA:208,19,1,0
BRF:41
BRH:0
end_of_record
TN:
SF:controllers\myLeaveRequestController.js
FN:8,(anonymous_0)
FN:31,(anonymous_1)
FN:70,(anonymous_2)
FN:117,(anonymous_3)
FN:139,(anonymous_4)
FN:216,(anonymous_5)
FN:250,(anonymous_6)
FN:295,(anonymous_7)
FN:372,(anonymous_8)
FN:456,(anonymous_9)
FN:479,(anonymous_10)
FN:529,(anonymous_11)
FN:537,(anonymous_12)
FN:542,(anonymous_13)
FN:544,(anonymous_14)
FN:560,(anonymous_15)
FN:563,(anonymous_16)
FN:577,(anonymous_17)
FN:624,(anonymous_18)
FN:651,(anonymous_19)
FN:682,(anonymous_20)
FN:688,(anonymous_21)
FN:707,(anonymous_22)
FN:784,(anonymous_23)
FNF:24
FNH:0
FNDA:0,(anonymous_0)
FNDA:0,(anonymous_1)
FNDA:0,(anonymous_2)
FNDA:0,(anonymous_3)
FNDA:0,(anonymous_4)
FNDA:0,(anonymous_5)
FNDA:0,(anonymous_6)
FNDA:0,(anonymous_7)
FNDA:0,(anonymous_8)
FNDA:0,(anonymous_9)
FNDA:0,(anonymous_10)
FNDA:0,(anonymous_11)
FNDA:0,(anonymous_12)
FNDA:0,(anonymous_13)
FNDA:0,(anonymous_14)
FNDA:0,(anonymous_15)
FNDA:0,(anonymous_16)
FNDA:0,(anonymous_17)
FNDA:0,(anonymous_18)
FNDA:0,(anonymous_19)
FNDA:0,(anonymous_20)
FNDA:0,(anonymous_21)
FNDA:0,(anonymous_22)
FNDA:0,(anonymous_23)
DA:8,0
DA:9,0
DA:11,0
DA:12,0
DA:13,0
DA:15,0
DA:16,0
DA:18,0
DA:19,0
DA:20,0
DA:22,0
DA:24,0
DA:27,0
DA:31,0
DA:32,0
DA:33,0
DA:35,0
DA:37,0
DA:38,0
DA:39,0
DA:42,0
DA:43,0
DA:46,0
DA:49,0
DA:50,0
DA:52,0
DA:54,0
DA:55,0
DA:56,0
DA:59,0
DA:61,0
DA:62,0
DA:65,0
DA:70,0
DA:72,0
DA:74,0
DA:75,0
DA:81,0
DA:84,0
DA:86,0
DA:89,0
DA:92,0
DA:94,0
DA:95,0
DA:97,0
DA:108,0
DA:111,0
DA:113,0
DA:114,0
DA:117,0
DA:119,0
DA:121,0
DA:122,0
DA:128,0
DA:131,0
DA:133,0
DA:134,0
DA:136,0
DA:139,0
DA:141,0
DA:143,0
DA:144,0
DA:150,0
DA:153,0
DA:154,0
DA:156,0
DA:159,0
DA:162,0
DA:164,0
DA:166,0
DA:177,0
DA:180,0
DA:183,0
DA:187,0
DA:189,0
DA:190,0
DA:196,0
DA:203,0
DA:204,0
DA:207,0
DA:208,0
DA:210,0
DA:212,0
DA:213,0
DA:216,0
DA:218,0
DA:220,0
DA:221,0
DA:227,0
DA:230,0
DA:232,0
DA:233,0
DA:235,0
DA:241,0
DA:242,0
DA:245,0
DA:247,0
DA:250,0
DA:252,0
DA:254,0
DA:255,0
DA:261,0
DA:264,0
DA:265,0
DA:268,0
DA:270,0
DA:271,0
DA:275,0
DA:276,0
DA:282,0
DA:284,0
DA:285,0
DA:286,0
DA:289,0
DA:290,0
DA:292,0
DA:295,0
DA:297,0
DA:299,0
DA:300,0
DA:306,0
DA:309,0
DA:310,0
DA:312,0
DA:314,0
DA:315,0
DA:319,0
DA:320,0
DA:324,0
DA:326,0
DA:328,0
DA:329,0
DA:330,0
DA:334,0
DA:341,0
DA:342,0
DA:344,0
DA:345,0
DA:353,0
DA:356,0
DA:357,0
DA:359,0
DA:361,0
DA:366,0
DA:368,0
DA:369,0
DA:372,0
DA:374,0
DA:376,0
DA:377,0
DA:383,0
DA:386,0
DA:387,0
DA:389,0
DA:391,0
DA:392,0
DA:395,0
DA:397,0
DA:398,0
DA:402,0
DA:403,0
DA:407,0
DA:409,0
DA:411,0
DA:412,0
DA:415,0
DA:425,0
DA:426,0
DA:428,0
DA:429,0
DA:437,0
DA:440,0
DA:441,0
DA:443,0
DA:445,0
DA:450,0
DA:452,0
DA:453,0
DA:456,0
DA:458,0
DA:460,0
DA:461,0
DA:467,0
DA:470,0
DA:472,0
DA:473,0
DA:474,0
DA:476,0
DA:479,0
DA:481,0
DA:483,0
DA:484,0
DA:490,0
DA:493,0
DA:494,0
DA:496,0
DA:499,0
DA:502,0
DA:504,0
DA:505,0
DA:516,0
DA:520,0
DA:523,0
DA:524,0
DA:525,0
DA:528,0
DA:529,0
DA:530,0
DA:534,0
DA:537,0
DA:538,0
DA:542,0
DA:544,0
DA:546,0
DA:547,0
DA:548,0
DA:549,0
DA:553,0
DA:557,0
DA:558,0
DA:560,0
DA:561,0
DA:562,0
DA:563,0
DA:565,0
DA:573,0
DA:574,0
DA:577,0
DA:579,0
DA:581,0
DA:582,0
DA:588,0
DA:591,0
DA:596,0
DA:598,0
DA:599,0
DA:603,0
DA:618,0
DA:620,0
DA:621,0
DA:624,0
DA:626,0
DA:628,0
DA:629,0
DA:635,0
DA:638,0
DA:640,0
DA:645,0
DA:647,0
DA:648,0
DA:651,0
DA:653,0
DA:655,0
DA:656,0
DA:662,0
DA:665,0
DA:666,0
DA:668,0
DA:671,0
DA:674,0
DA:676,0
DA:677,0
DA:681,0
DA:682,0
DA:683,0
DA:684,0
DA:688,0
DA:689,0
DA:691,0
DA:692,0
DA:693,0
DA:694,0
DA:699,0
DA:701,0
DA:703,0
DA:704,0
DA:707,0
DA:709,0
DA:711,0
DA:712,0
DA:718,0
DA:721,0
DA:722,0
DA:724,0
DA:726,0
DA:727,0
DA:730,0
DA:736,0
DA:737,0
DA:738,0
DA:740,0
DA:741,0
DA:742,0
DA:746,0
DA:747,0
DA:748,0
DA:752,0
DA:754,0
DA:756,0
DA:757,0
DA:758,0
DA:762,0
DA:768,0
DA:770,0
DA:771,0
DA:775,0
DA:780,0
DA:781,0
DA:784,0
DA:786,0
DA:788,0
DA:789,0
DA:795,0
DA:798,0
DA:799,0
DA:801,0
DA:803,0
DA:804,0
DA:807,0
DA:808,0
DA:811,0
DA:817,0
DA:818,0
DA:819,0
DA:821,0
DA:822,0
DA:823,0
DA:827,0
DA:828,0
DA:829,0
DA:833,0
DA:835,0
DA:837,0
DA:838,0
DA:842,0
DA:851,0
DA:853,0
DA:854,0
DA:858,0
DA:863,0
DA:864,0
LF:341
LH:0
BRDA:9,0,0,0
BRDA:9,0,1,0
BRDA:20,1,0,0
BRDA:20,1,1,0
BRDA:20,2,0,0
BRDA:20,2,1,0
BRDA:37,3,0,0
BRDA:37,3,1,0
BRDA:49,4,0,0
BRDA:49,4,1,0
BRDA:55,5,0,0
BRDA:55,5,1,0
BRDA:74,6,0,0
BRDA:74,6,1,0
BRDA:94,7,0,0
BRDA:94,7,1,0
BRDA:121,8,0,0
BRDA:121,8,1,0
BRDA:143,9,0,0
BRDA:143,9,1,0
BRDA:164,10,0,0
BRDA:164,10,1,0
BRDA:189,11,0,0
BRDA:189,11,1,0
BRDA:200,12,0,0
BRDA:200,12,1,0
BRDA:220,13,0,0
BRDA:220,13,1,0
BRDA:241,14,0,0
BRDA:241,14,1,0
BRDA:254,15,0,0
BRDA:254,15,1,0
BRDA:270,16,0,0
BRDA:270,16,1,0
BRDA:275,17,0,0
BRDA:275,17,1,0
BRDA:284,18,0,0
BRDA:284,18,1,0
BRDA:299,19,0,0
BRDA:299,19,1,0
BRDA:314,20,0,0
BRDA:314,20,1,0
BRDA:319,21,0,0
BRDA:319,21,1,0
BRDA:326,22,0,0
BRDA:326,22,1,0
BRDA:341,23,0,0
BRDA:341,23,1,0
BRDA:341,24,0,0
BRDA:341,24,1,0
BRDA:376,25,0,0
BRDA:376,25,1,0
BRDA:391,26,0,0
BRDA:391,26,1,0
BRDA:397,27,0,0
BRDA:397,27,1,0
BRDA:402,28,0,0
BRDA:402,28,1,0
BRDA:409,29,0,0
BRDA:409,29,1,0
BRDA:425,30,0,0
BRDA:425,30,1,0
BRDA:425,31,0,0
BRDA:425,31,1,0
BRDA:460,32,0,0
BRDA:460,32,1,0
BRDA:483,33,0,0
BRDA:483,33,1,0
BRDA:504,34,0,0
BRDA:504,34,1,0
BRDA:547,35,0,0
BRDA:547,35,1,0
BRDA:562,36,0,0
BRDA:562,36,1,0
BRDA:562,36,2,0
BRDA:581,37,0,0
BRDA:581,37,1,0
BRDA:598,38,0,0
BRDA:598,38,1,0
BRDA:628,39,0,0
BRDA:628,39,1,0
BRDA:655,40,0,0
BRDA:655,40,1,0
BRDA:676,41,0,0
BRDA:676,41,1,0
BRDA:691,42,0,0
BRDA:691,42,1,0
BRDA:693,43,0,0
BRDA:693,43,1,0
BRDA:711,44,0,0
BRDA:711,44,1,0
BRDA:726,45,0,0
BRDA:726,45,1,0
BRDA:726,46,0,0
BRDA:726,46,1,0
BRDA:726,46,2,0
BRDA:740,47,0,0
BRDA:740,47,1,0
BRDA:746,48,0,0
BRDA:746,48,1,0
BRDA:754,49,0,0
BRDA:754,49,1,0
BRDA:788,50,0,0
BRDA:788,50,1,0
BRDA:803,51,0,0
BRDA:803,51,1,0
BRDA:803,52,0,0
BRDA:803,52,1,0
BRDA:803,52,2,0
BRDA:807,53,0,0
BRDA:807,53,1,0
BRDA:821,54,0,0
BRDA:821,54,1,0
BRDA:827,55,0,0
BRDA:827,55,1,0
BRDA:835,56,0,0
BRDA:835,56,1,0
BRF:117
BRH:0
end_of_record
TN:
SF:controllers\notificationController.js
FN:4,(anonymous_0)
FN:43,(anonymous_1)
FN:92,(anonymous_2)
FN:126,(anonymous_3)
FN:155,(anonymous_4)
FN:185,(anonymous_5)
FNF:6
FNH:0
FNDA:0,(anonymous_0)
FNDA:0,(anonymous_1)
FNDA:0,(anonymous_2)
FNDA:0,(anonymous_3)
FNDA:0,(anonymous_4)
FNDA:0,(anonymous_5)
DA:4,0
DA:5,0
DA:6,0
DA:9,0
DA:11,0
DA:12,0
DA:18,0
DA:19,0
DA:23,0
DA:26,0
DA:28,0
DA:32,0
DA:34,0
DA:36,0
DA:37,0
DA:43,0
DA:44,0
DA:45,0
DA:48,0
DA:50,0
DA:51,0
DA:57,0
DA:58,0
DA:62,0
DA:64,0
DA:73,0
DA:76,0
DA:77,0
DA:78,0
DA:79,0
DA:81,0
DA:84,0
DA:86,0
DA:87,0
DA:92,0
DA:93,0
DA:94,0
DA:97,0
DA:99,0
DA:100,0
DA:107,0
DA:109,0
DA:115,0
DA:116,0
DA:119,0
DA:121,0
DA:126,0
DA:127,0
DA:128,0
DA:131,0
DA:133,0
DA:134,0
DA:141,0
DA:143,0
DA:148,0
DA:150,0
DA:155,0
DA:156,0
DA:157,0
DA:160,0
DA:162,0
DA:163,0
DA:170,0
DA:172,0
DA:174,0
DA:175,0
DA:178,0
DA:180,0
DA:185,0
DA:186,0
DA:187,0
DA:190,0
DA:192,0
DA:193,0
DA:200,0
DA:202,0
DA:204,0
DA:206,0
LF:78
LH:0
BRDA:11,0,0,0
BRDA:11,0,1,0
BRDA:18,1,0,0
BRDA:18,1,1,0
BRDA:50,2,0,0
BRDA:50,2,1,0
BRDA:57,3,0,0
BRDA:57,3,1,0
BRDA:77,4,0,0
BRDA:77,4,1,0
BRDA:99,5,0,0
BRDA:99,5,1,0
BRDA:115,6,0,0
BRDA:115,6,1,0
BRDA:133,7,0,0
BRDA:133,7,1,0
BRDA:162,8,0,0
BRDA:162,8,1,0
BRDA:174,9,0,0
BRDA:174,9,1,0
BRDA:192,10,0,0
BRDA:192,10,1,0
BRF:22
BRH:0
end_of_record
TN:
SF:controllers\objectiveController.js
FN:4,(anonymous_0)
FN:63,(anonymous_1)
FN:103,(anonymous_2)
FN:115,(anonymous_3)
FN:167,(anonymous_4)
FN:186,(anonymous_5)
FN:241,(anonymous_6)
FN:301,(anonymous_7)
FN:340,(anonymous_8)
FN:380,(anonymous_9)
FN:408,(anonymous_10)
FN:457,(anonymous_11)
FNF:12
FNH:0
FNDA:0,(anonymous_0)
FNDA:0,(anonymous_1)
FNDA:0,(anonymous_2)
FNDA:0,(anonymous_3)
FNDA:0,(anonymous_4)
FNDA:0,(anonymous_5)
FNDA:0,(anonymous_6)
FNDA:0,(anonymous_7)
FNDA:0,(anonymous_8)
FNDA:0,(anonymous_9)
FNDA:0,(anonymous_10)
FNDA:0,(anonymous_11)
DA:4,0
DA:5,0
DA:7,0
DA:9,0
DA:10,0
DA:16,0
DA:19,0
DA:21,0
[...]
DA:79,0
DA:81,0
DA:82,0
DA:88,0
DA:91,0
DA:93,0
DA:95,0
DA:96,0
DA:102,0
DA:104,0
DA:105,0
DA:113,0
DA:114,0
DA:116,0
DA:118,0
DA:119,0
DA:125,0
DA:128,0
DA:130,0
DA:132,0
DA:133,0
DA:139,0
DA:141,0
DA:142,0
LF:51
LH:0
BRDA:18,0,0,0
BRDA:18,0,1,0
BRDA:47,1,0,0
BRDA:47,1,1,0
BRDA:81,2,0,0
BRDA:81,2,1,0
BRDA:95,3,0,0
BRDA:95,3,1,0
BRDA:118,4,0,0
BRDA:118,4,1,0
BRDA:132,5,0,0
BRDA:132,5,1,0
BRF:12
BRH:0
end_of_record
TN:
SF:routes\feedbackRoutes.js
FNF:0
FNH:0
DA:28,0
DA:31,0
DA:34,0
DA:35,0
DA:36,0
DA:37,0
DA:40,0
DA:43,0
DA:44,0
DA:45,0
DA:48,0
DA:51,0
DA:52,0
DA:55,0
DA:56,0
DA:59,0
DA:60,0
DA:63,0
DA:64,0
DA:65,0
DA:66,0
DA:67,0
DA:68,0
DA:69,0
LF:24
LH:0
BRF:0
BRH:0
end_of_record
TN:
SF:routes\hiredEmployeeRoutes.js
FNF:0
FNH:0
DA:12,0
DA:15,0
DA:17,0
DA:21,0
DA:23,0
LF:5
LH:0
BRF:0
BRH:0
end_of_record
TN:
SF:routes\holidays.js
FN:12,(anonymous_0)
FN:41,(anonymous_1)
FN:72,(anonymous_2)
FN:114,(anonymous_3)
FN:151,(anonymous_4)
FNF:5
FNH:0
FNDA:0,(anonymous_0)
FNDA:0,(anonymous_1)
FNDA:0,(anonymous_2)
FNDA:0,(anonymous_3)
FNDA:0,(anonymous_4)
DA:6,0
DA:9,0
DA:12,0
DA:13,0
DA:15,0
DA:17,0
DA:18,0
DA:24,0
DA:27,0
DA:29,0
DA:30,0
DA:32,0
DA:33,0
DA:41,0
DA:42,0
DA:43,0
DA:45,0
DA:47,0
DA:48,0
DA:54,0
DA:57,0
DA:59,0
DA:60,0
DA:61,0
DA:63,0
DA:64,0
DA:72,0
DA:73,0
DA:74,0
DA:76,0
DA:78,0
DA:79,0
DA:85,0
DA:88,0
DA:90,0
DA:96,0
DA:97,0
DA:103,0
DA:105,0
DA:106,0
DA:114,0
DA:115,0
DA:117,0
DA:119,0
DA:120,0
DA:126,0
DA:129,0
DA:131,0
DA:133,0
DA:134,0
DA:140,0
DA:142,0
DA:143,0
DA:151,0
DA:152,0
DA:153,0
DA:155,0
DA:156,0
DA:157,0
DA:160,0
DA:161,0
DA:164,0
DA:166,0
DA:168,0
DA:169,0
DA:175,0
DA:178,0
DA:180,0
DA:181,0
DA:183,0
DA:184,0
LF:71
LH:0
BRDA:17,0,0,0
BRDA:17,0,1,0
BRDA:47,1,0,0
BRDA:47,1,1,0
BRDA:78,2,0,0
BRDA:78,2,1,0
BRDA:96,3,0,0
BRDA:96,3,1,0
BRDA:119,4,0,0
BRDA:119,4,1,0
BRDA:133,5,0,0
BRDA:133,5,1,0
BRDA:155,6,0,0
BRDA:155,6,1,0
BRDA:155,7,0,0
BRDA:155,7,1,0
BRDA:160,8,0,0
BRDA:160,8,1,0
BRDA:168,9,0,0
BRDA:168,9,1,0
BRF:20
BRH:0
end_of_record
TN:
SF:routes\interviewRoutes.js
FNF:0
FNH:0
DA:6,0
DA:9,0
DA:12,0
DA:13,0
DA:14,0
DA:15,0
LF:6
LH:0
BRF:0
BRH:0
end_of_record
TN:
SF:routes\invitationRoutes.js
FNF:0
FNH:0
DA:11,0
DA:14,0
DA:17,0
DA:20,0
DA:23,0
DA:26,0
DA:29,0
LF:7
LH:0
BRF:0
BRH:0
end_of_record
TN:
SF:routes\leaveRequestRoutes.js
FNF:0
FNH:0
DA:14,0
DA:17,0
DA:18,0
DA:21,0
DA:22,0
DA:25,0
DA:26,0
DA:27,0
DA:28,0
DA:31,0
LF:10
LH:0
BRF:0
BRH:0
end_of_record
TN:
SF:routes\myLeaveRequestRoutes.js
FNF:0
FNH:0
DA:20,0
DA:23,0
DA:26,0
DA:27,0
DA:28,0
DA:31,0
DA:32,0
DA:33,0
DA:34,0
DA:35,0
DA:36,0
DA:37,0
DA:38,0
DA:41,0
DA:42,0
DA:45,0
LF:16
LH:0
BRF:0
BRH:0
end_of_record
TN:
SF:routes\notificationRoutes.js
FNF:0
FNH:0
DA:12,0
DA:15,0
DA:18,0
DA:21,0
DA:24,0
DA:27,0
DA:30,0
DA:33,0
LF:8
LH:0
BRF:0
BRH:0
end_of_record
TN:
SF:routes\objectiveRoutes.js
FN:30,(anonymous_0)
FNF:1
FNH:0
FNDA:0,(anonymous_0)
DA:14,0
DA:17,0
DA:20,0
DA:21,0
DA:22,0
DA:23,0
DA:26,0
DA:27,0
DA:30,0
DA:31,0
DA:32,0
DA:35,0
DA:38,0
LF:13
LH:0
BRF:0
BRH:0
end_of_record
TN:
SF:routes\offboardingRoutes.js
FN:37,(anonymous_0)
FN:48,(anonymous_1)
FN:57,(anonymous_2)
FN:85,(anonymous_3)
FNF:4
FNH:0
FNDA:0,(anonymous_0)
FNDA:0,(anonymous_1)
FNDA:0,(anonymous_2)
FNDA:0,(anonymous_3)
DA:27,0
DA:30,0
DA:33,0
DA:34,0
DA:36,0
DA:38,0
DA:39,0
DA:42,0
DA:43,0
DA:46,0
DA:50,0
DA:51,0
DA:52,0
DA:53,0
DA:57,0
DA:59,0
DA:69,0
DA:70,0
DA:72,0
DA:76,0
DA:85,0
DA:86,0
DA:87,0
DA:88,0
DA:89,0
DA:90,0
DA:91,0
DA:92,0
DA:93,0
DA:94,0
DA:95,0
DA:96,0
DA:100,0
DA:101,0
DA:102,0
DA:103,0
DA:104,0
DA:105,0
DA:106,0
DA:107,0
DA:108,0
DA:109,0
DA:110,0
DA:113,0
DA:114,0
DA:115,0
DA:118,0
DA:119,0
DA:120,0
LF:49
LH:0
BRDA:39,0,0,0
BRDA:39,0,1,0
BRDA:42,1,0,0
BRDA:42,1,1,0
BRDA:69,2,0,0
BRDA:69,2,1,0
BRF:6
BRH:0
end_of_record
TN:
SF:routes\onboardingRoutes.js
FNF:0
FNH:0
DA:13,0
DA:16,0
DA:19,0
DA:20,0
DA:21,0
DA:22,0
DA:23,0
DA:24,0
LF:8
LH:0
BRF:0
BRH:0
end_of_record
TN:
SF:routes\organizationRoutes.js
FNF:0
FNH:0
DA:13,0
DA:16,0
DA:19,0
DA:20,0
DA:21,0
DA:22,0
DA:23,0
DA:24,0
LF:8
LH:0
BRF:0
BRH:0
end_of_record
TN:
SF:routes\paymentRoutes.js
FN:14,(anonymous_0)
FN:45,(anonymous_1)
FN:56,(anonymous_2)
FNF:3
FNH:0
FNDA:0,(anonymous_0)
FNDA:0,(anonymous_1)
FNDA:0,(anonymous_2)
DA:11,0
DA:14,0
DA:15,0
DA:16,0
DA:17,0
DA:24,0
DA:27,0
DA:30,0
DA:33,0
DA:36,0
DA:39,0
DA:45,0
DA:46,0
DA:55,0
DA:56,0
DA:57,0
DA:58,0
DA:61,0
DA:62,0
DA:65,0
DA:66,0
DA:72,0
DA:75,0
LF:23
LH:0
BRDA:50,0,0,0
BRDA:50,0,1,0
BRDA:55,1,0,0
BRDA:55,1,1,0
BRDA:65,2,0,0
BRDA:65,2,1,0
BRF:6
BRH:0
end_of_record
TN:
SF:routes\payrollContractRoutes.js
FN:26,(anonymous_0)
FN:38,(anonymous_1)
FN:47,(anonymous_2)
FN:77,(anonymous_3)
FN:128,(anonymous_4)
FN:135,(anonymous_5)
FN:139,(anonymous_6)
FN:159,(anonymous_7)
FN:179,(anonymous_8)
FN:213,(anonymous_9)
FN:219,(anonymous_10)
FN:233,(anonymous_11)
FN:240,(anonymous_12)
FNF:13
FNH:0
FNDA:0,(anonymous_0)
FNDA:0,(anonymous_1)
FNDA:0,(anonymous_2)
FNDA:0,(anonymous_3)
FNDA:0,(anonymous_4)
FNDA:0,(anonymous_5)
FNDA:0,(anonymous_6)
FNDA:0,(anonymous_7)
FNDA:0,(anonymous_8)
FNDA:0,(anonymous_9)
FNDA:0,(anonymous_10)
FNDA:0,(anonymous_11)
FNDA:0,(anonymous_12)
DA:22,0
DA:25,0
DA:27,0
DA:30,0
DA:31,0
DA:32,0
DA:35,0
DA:36,0
DA:40,0
DA:41,0
DA:42,0
DA:43,0
DA:47,0
DA:48,0
DA:51,0
DA:52,0
DA:53,0
DA:59,0
DA:60,0
DA:61,0
DA:63,0
DA:64,0
DA:68,0
DA:77,0
DA:78,0
DA:79,0
DA:81,0
DA:82,0
DA:85,0
DA:86,0
DA:87,0
DA:90,0
DA:91,0
DA:94,0
DA:95,0
DA:98,0
DA:99,0
DA:100,0
DA:101,0
DA:102,0
DA:104,0
DA:107,0
DA:116,0
DA:117,0
DA:120,0
DA:121,0
DA:122,0
DA:123,0
DA:126,0
DA:128,0
DA:129,0
DA:130,0
DA:131,0
DA:135,0
DA:136,0
DA:139,0
DA:140,0
DA:141,0
DA:144,0
DA:147,0
DA:148,0
DA:149,0
DA:159,0
DA:160,0
DA:161,0
DA:163,0
DA:164,0
DA:166,0
DA:167,0
DA:168,0
DA:175,0
DA:176,0
DA:179,0
DA:180,0
DA:181,0
DA:182,0
DA:190,0
DA:198,0
DA:199,0
DA:207,0
DA:213,0
DA:214,0
DA:215,0
DA:216,0
DA:219,0
DA:220,0
DA:221,0
DA:222,0
DA:227,0
DA:228,0
DA:229,0
DA:230,0
DA:233,0
DA:234,0
DA:235,0
DA:236,0
DA:237,0
DA:240,0
DA:241,0
DA:242,0
DA:243,0
DA:244,0
DA:247,0
DA:250,0
DA:251,0
DA:252,0
DA:253,0
LF:107
LH:0
BRDA:30,0,0,0
BRDA:30,0,1,0
BRDA:53,1,0,0
BRDA:53,1,1,0
BRDA:53,1,2,0
BRDA:53,1,3,0
BRDA:53,1,4,0
BRDA:59,2,0,0
BRDA:59,2,1,0
BRDA:59,3,0,0
BRDA:59,3,1,0
BRDA:85,4,0,0
BRDA:85,4,1,0
BRDA:85,5,0,0
BRDA:85,5,1,0
BRDA:85,5,2,0
BRDA:85,5,3,0
BRDA:94,6,0,0
BRDA:94,6,1,0
BRDA:99,7,0,0
BRDA:99,7,1,0
BRDA:130,8,0,0
BRDA:130,8,1,0
BRDA:148,9,0,0
BRDA:148,9,1,0
BRDA:166,10,0,0
BRDA:166,10,1,0
BRF:27
BRH:0
end_of_record
TN:
SF:routes\policyRoutes.js
FNF:0
FNH:0
DA:6,0
DA:9,0
DA:12,0
DA:13,0
DA:14,0
DA:15,0
LF:6
LH:0
BRF:0
BRH:0
end_of_record
TN:
SF:routes\profileRouter.js
FNF:0
FNH:0
DA:4,0
DA:5,0
DA:6,0
DA:7,0
LF:4
LH:0
BRF:0
BRH:0
end_of_record
TN:
SF:routes\resignationRoutes.js
FN:18,(anonymous_0)
FN:28,(anonymous_1)
FNF:2
FNH:0
FNDA:0,(anonymous_0)
FNDA:0,(anonymous_1)
DA:12,0
DA:15,0
DA:18,0
DA:19,0
DA:20,0
DA:21,0
DA:23,0
DA:28,0
DA:29,0
DA:30,0
DA:33,0
DA:34,0
DA:38,0
DA:39,0
DA:41,0
DA:42,0
DA:44,0
DA:45,0
DA:46,0
DA:49,0
DA:50,0
DA:52,0
DA:55,0
DA:59,0
DA:62,0
DA:63,0
DA:64,0
DA:65,0
DA:66,0
DA:67,0
LF:30
LH:0
BRDA:20,0,0,0
BRDA:20,0,1,0
BRDA:20,1,0,0
BRDA:20,1,1,0
BRDA:20,1,2,0
BRDA:33,2,0,0
BRDA:33,2,1,0
BRDA:33,3,0,0
BRDA:33,3,1,0
BRDA:33,3,2,0
BRDA:38,4,0,0
BRDA:38,4,1,0
BRDA:45,5,0,0
BRDA:45,5,1,0
BRDA:49,6,0,0
BRDA:49,6,1,0
BRF:16
BRH:0
end_of_record
TN:
SF:routes\restrictLeaveRoutes.js
FN:13,(anonymous_0)
FN:39,(anonymous_1)
FN:66,(anonymous_2)
FN:101,(anonymous_3)
FN:139,(anonymous_4)
FNF:5
FNH:0
FNDA:0,(anonymous_0)
FNDA:0,(anonymous_1)
FNDA:0,(anonymous_2)
FNDA:0,(anonymous_3)
FNDA:0,(anonymous_4)
DA:7,0
DA:10,0
DA:13,0
DA:14,0
DA:16,0
DA:18,0
DA:19,0
DA:25,0
DA:28,0
DA:30,0
DA:31,0
DA:33,0
DA:34,0
DA:39,0
DA:40,0
DA:42,0
DA:44,0
DA:45,0
DA:51,0
DA:54,0
DA:56,0
DA:57,0
DA:58,0
DA:60,0
DA:61,0
DA:66,0
DA:67,0
DA:69,0
DA:71,0
DA:72,0
DA:78,0
DA:81,0
DA:83,0
DA:92,0
DA:93,0
DA:95,0
DA:96,0
DA:101,0
DA:102,0
DA:104,0
DA:106,0
DA:107,0
DA:113,0
DA:116,0
DA:118,0
DA:130,0
DA:131,0
DA:133,0
DA:134,0
DA:139,0
DA:140,0
DA:142,0
DA:144,0
DA:145,0
DA:151,0
DA:154,0
DA:156,0
DA:157,0
DA:158,0
DA:160,0
DA:161,0
LF:61
LH:0
BRDA:18,0,0,0
BRDA:18,0,1,0
BRDA:44,1,0,0
BRDA:44,1,1,0
BRDA:57,2,0,0
BRDA:57,2,1,0
BRDA:71,3,0,0
BRDA:71,3,1,0
BRDA:106,4,0,0
BRDA:106,4,1,0
BRDA:130,5,0,0
BRDA:130,5,1,0
BRDA:144,6,0,0
BRDA:144,6,1,0
BRDA:157,7,0,0
BRDA:157,7,1,0
BRF:16
BRH:0
end_of_record
TN:
SF:routes\roleRoutes.js
FNF:0
FNH:0
DA:9,0
DA:12,0
DA:15,0
DA:18,0
DA:21,0
LF:5
LH:0
BRF:0
BRH:0
end_of_record
TN:
SF:routes\rotatingShiftRoutes.js
FNF:0
FNH:0
DA:15,0
DA:18,0
DA:21,0
DA:24,0
DA:27,0
DA:30,0
DA:31,0
DA:32,0
DA:33,0
DA:36,0
DA:37,0
LF:11
LH:0
BRF:0
BRH:0
end_of_record
TN:
SF:routes\rotatingWorktypeRoutes.js
FNF:0
FNH:0
DA:16,0
DA:19,0
DA:22,0
DA:25,0
DA:28,0
DA:29,0
DA:30,0
DA:31,0
DA:34,0
DA:35,0
DA:38,0
DA:41,0
LF:12
LH:0
BRF:0
BRH:0
end_of_record
TN:
SF:routes\s3Routes.js
FN:9,(anonymous_0)
FN:27,(anonymous_1)
FN:58,(anonymous_2)
FN:77,(anonymous_3)
FN:99,(anonymous_4)
FNF:5
FNH:0
FNDA:0,(anonymous_0)
FNDA:0,(anonymous_1)
FNDA:0,(anonymous_2)
FNDA:0,(anonymous_3)
FNDA:0,(anonymous_4)
DA:6,0
DA:9,0
DA:10,0
DA:11,0
DA:12,0
DA:18,0
DA:27,0
DA:28,0
DA:29,0
DA:30,0
DA:35,0
DA:37,0
DA:49,0
DA:50,0
DA:58,0
DA:59,0
DA:60,0
DA:61,0
DA:63,0
DA:68,0
DA:69,0
DA:77,0
DA:78,0
DA:79,0
DA:80,0
DA:82,0
DA:84,0
DA:90,0
DA:91,0
DA:99,0
DA:100,0
DA:101,0
DA:103,0
DA:104,0
DA:109,0
DA:111,0
DA:116,0
DA:117,0
LF:38
LH:0
BRDA:29,0,0,0
BRDA:29,0,1,0
BRDA:35,1,0,0
BRDA:35,1,1,0
BRDA:41,2,0,0
BRDA:41,2,1,0
BRDA:46,3,0,0
BRDA:46,3,1,0
BRDA:80,4,0,0
BRDA:103,5,0,0
BRDA:103,5,1,0
BRDA:103,6,0,0
BRDA:103,6,1,0
BRF:13
BRH:0
end_of_record
TN:
SF:routes\shiftRequestRoutes.js
FNF:0
FNH:0
DA:2,0
DA:17,0
DA:20,0
DA:23,0
DA:26,0
DA:29,0
DA:30,0
DA:31,0
DA:32,0
DA:35,0
DA:36,0
LF:11
LH:0
BRF:0
BRH:0
end_of_record
TN:
SF:routes\skillZoneRoutes.js
FNF:0
FNH:0
DA:12,0
DA:15,0
DA:18,0
DA:21,0
DA:24,0
DA:27,0
DA:30,0
DA:33,0
LF:8
LH:0
BRF:0
BRH:0
end_of_record
TN:
SF:routes\surveyRoutes.js
FNF:0
FNH:0
DA:14,0
DA:17,0
DA:20,0
DA:23,0
DA:26,0
DA:29,0
DA:32,0
DA:35,0
DA:38,0
LF:9
LH:0
BRF:0
BRH:0
end_of_record
TN:
SF:routes\timeOffRequests.js
FNF:0
FNH:0
DA:14,0
DA:17,0
DA:20,0
DA:21,0
DA:22,0
DA:23,0
DA:24,0
DA:25,0
DA:26,0
LF:9
LH:0
BRF:0
BRH:0
end_of_record
TN:
SF:routes\timesheetRoutes.js
FNF:0
FNH:0
DA:16,0
DA:19,0
DA:22,0
DA:23,0
DA:26,0
DA:30,0
DA:31,0
DA:32,0
DA:33,0
DA:34,0
DA:37,0
DA:38,0
LF:12
LH:0
BRF:0
BRH:0
end_of_record
TN:
SF:routes\userRoutes.js
FNF:0
FNH:0
DA:13,0
DA:16,0
DA:19,0
DA:22,0
DA:25,0
DA:28,0
DA:31,0
DA:34,0
DA:37,0
LF:9
LH:0
BRF:0
BRH:0
end_of_record
TN:
SF:routes\workTypeRequestRoutes.js
FNF:0
FNH:0
DA:2,0
DA:18,0
DA:20,0
DA:23,0
DA:26,0
DA:29,0
DA:30,0
DA:31,0
DA:32,0
DA:35,0
DA:36,0
DA:39,0
LF:12
LH:0
BRF:0
BRH:0
end_of_record
TN:
SF:services\PayrollPDFService.js
FN:19,(anonymous_0)
FN:56,(anonymous_1)
FN:57,(anonymous_2)
FN:80,(anonymous_3)
FN:98,(anonymous_4)
FN:140,(anonymous_5)
FN:151,(anonymous_6)
FN:160,(anonymous_7)
FN:161,(anonymous_8)
FN:182,(anonymous_9)
FN:189,(anonymous_10)
FN:263,(anonymous_11)
FN:264,(anonymous_12)
FN:311,(anonymous_13)
FN:563,(anonymous_14)
FN:567,(anonymous_15)
FNF:16
FNH:0
FNDA:0,(anonymous_0)
FNDA:0,(anonymous_1)
FNDA:0,(anonymous_2)
FNDA:0,(anonymous_3)
FNDA:0,(anonymous_4)
FNDA:0,(anonymous_5)
FNDA:0,(anonymous_6)
FNDA:0,(anonymous_7)
FNDA:0,(anonymous_8)
FNDA:0,(anonymous_9)
FNDA:0,(anonymous_10)
FNDA:0,(anonymous_11)
FNDA:0,(anonymous_12)
FNDA:0,(anonymous_13)
FNDA:0,(anonymous_14)
FNDA:0,(anonymous_15)
DA:10,0
DA:11,0
DA:14,0
DA:20,0
DA:22,0
DA:29,0
DA:31,0
DA:32,0
DA:36,0
DA:44,0
DA:46,0
DA:57,0
DA:58,0
DA:59,0
DA:62,0
DA:63,0
DA:66,0
DA:67,0
DA:68,0
DA:71,0
DA:72,0
DA:75,0
DA:76,0
DA:77,0
DA:80,0
DA:83,0
DA:86,0
DA:87,0
DA:88,0
DA:89,0
DA:92,0
DA:95,0
DA:98,0
DA:99,0
DA:111,0
DA:114,0
DA:115,0
DA:119,0
DA:120,0
DA:125,0
DA:129,0
DA:130,0
DA:131,0
DA:133,0
DA:140,0
DA:141,0
DA:142,0
DA:145,0
DA:148,0
DA:151,0
DA:152,0
DA:154,0
DA:155,0
DA:156,0
DA:159,0
DA:160,0
DA:161,0
DA:162,0
DA:165,0
DA:166,0
DA:167,0
DA:168,0
DA:170,0
DA:176,0
DA:180,0
DA:183,0
DA:184,0
DA:189,0
DA:193,0
DA:196,0
DA:200,0
DA:201,0
DA:202,0
DA:203,0
DA:204,0
DA:206,0
DA:210,0
DA:214,0
DA:217,0
DA:218,0
DA:221,0
DA:224,0
DA:225,0
DA:226,0
DA:228,0
DA:260,0
DA:261,0
DA:263,0
DA:264,0
DA:265,0
DA:268,0
DA:278,0
DA:285,0
DA:288,0
DA:291,0
DA:292,0
DA:293,0
DA:296,0
DA:297,0
DA:299,0
DA:301,0
DA:303,0
DA:307,0
DA:310,0
DA:311,0
DA:313,0
DA:315,0
DA:317,0
DA:325,0
DA:326,0
DA:331,0
DA:333,0
DA:336,0
DA:343,0
DA:350,0
DA:358,0
DA:365,0
DA:372,0
DA:375,0
DA:377,0
DA:379,0
DA:387,0
DA:395,0
DA:403,0
DA:410,0
DA:417,0
DA:426,0
DA:427,0
DA:434,0
DA:441,0
DA:444,0
DA:451,0
DA:460,0
DA:464,0
DA:472,0
DA:480,0
DA:488,0
DA:495,0
DA:504,0
DA:505,0
DA:508,0
DA:511,0
DA:514,0
DA:520,0
DA:522,0
DA:525,0
DA:529,0
DA:534,0
DA:536,0
DA:539,0
DA:540,0
DA:541,0
DA:542,0
DA:545,0
DA:548,0
DA:554,0
DA:557,0
DA:561,0
DA:563,0
DA:564,0
DA:565,0
DA:567,0
DA:568,0
DA:569,0
DA:572,0
DA:573,0
LF:166
LH:0
BRDA:15,0,0,0
BRDA:15,0,1,0
BRDA:31,1,0,0
BRDA:31,1,1,0
BRDA:31,2,0,0
BRDA:31,2,1,0
BRDA:31,2,2,0
BRDA:87,3,0,0
BRDA:87,3,1,0
BRDA:88,4,0,0
BRDA:88,4,1,0
BRDA:98,5,0,0
BRDA:114,6,0,0
BRDA:114,6,1,0
BRDA:119,7,0,0
BRDA:119,7,1,0
BRDA:125,8,0,0
BRDA:125,8,1,0
BRDA:133,9,0,0
BRDA:133,9,1,0
BRDA:148,10,0,0
BRDA:148,10,1,0
BRDA:152,11,0,0
BRDA:152,11,1,0
BRDA:189,12,0,0
BRDA:200,13,0,0
BRDA:200,13,1,0
BRDA:200,14,0,0
BRDA:200,14,1,0
BRDA:202,15,0,0
BRDA:202,15,1,0
BRDA:203,16,0,0
BRDA:203,16,1,0
BRDA:203,17,0,0
BRDA:203,17,1,0
BRDA:204,18,0,0
BRDA:204,18,1,0
BRDA:238,19,0,0
BRDA:238,19,1,0
BRDA:243,20,0,0
BRDA:243,20,1,0
BRDA:280,21,0,0
BRDA:280,21,1,0
BRDA:310,22,0,0
BRDA:310,22,1,0
BRDA:310,23,0,0
BRDA:310,23,1,0
BRDA:331,24,0,0
BRDA:331,24,1,0
BRDA:377,25,0,0
BRDA:377,25,1,0
BRDA:426,26,0,0
BRDA:426,26,1,0
BRDA:504,27,0,0
BRDA:504,27,1,0
BRDA:534,28,0,0
BRDA:534,28,1,0
BRF:57
BRH:0
end_of_record
TN:
SF:services\emailservice.js
FN:11,(anonymous_0)
FN:76,(anonymous_1)
FNF:2
FNH:0
FNDA:0,(anonymous_0)
FNDA:0,(anonymous_1)
DA:3,0
DA:11,0
DA:13,0
DA:15,0
DA:19,0
DA:21,0
DA:23,0
DA:51,0
DA:66,0
DA:73,0
DA:76,0
DA:77,0
DA:79,0
DA:119,0
LF:14
LH:0
BRDA:13,0,0,0
BRDA:13,0,1,0
BRDA:15,1,0,0
BRDA:15,1,1,0
BRDA:21,2,0,0
BRDA:21,2,1,0
BRDA:29,3,0,0
BRDA:29,3,1,0
BRDA:41,4,0,0
BRDA:41,4,1,0
BRDA:68,5,0,0
BRDA:68,5,1,0
BRDA:77,6,0,0
BRDA:77,6,1,0
BRDA:103,7,0,0
BRDA:103,7,1,0
BRF:16
BRH:0
end_of_record
TN:
SF:services\s3Service.js
FN:7,(anonymous_0)
FN:14,(anonymous_1)
FN:45,(anonymous_2)
FN:84,(anonymous_3)
FN:89,(anonymous_4)
FN:119,(anonymous_5)
FN:135,(anonymous_6)
FNF:7
FNH:0
FNDA:0,(anonymous_0)
FNDA:0,(anonymous_1)
FNDA:0,(anonymous_2)
FNDA:0,(anonymous_3)
FNDA:0,(anonymous_4)
FNDA:0,(anonymous_5)
FNDA:0,(anonymous_6)
DA:8,0
DA:9,0
DA:10,0
DA:15,0
DA:16,0
DA:19,0
DA:27,0
DA:28,0
DA:29,0
DA:31,0
DA:32,0
DA:39,0
DA:40,0
DA:46,0
DA:48,0
DA:49,0
DA:50,0
DA:51,0
DA:52,0
DA:53,0
DA:56,0
DA:57,0
DA:59,0
DA:63,0
DA:64,0
DA:65,0
DA:68,0
DA:73,0
DA:74,0
DA:75,0
DA:76,0
DA:78,0
DA:79,0
DA:85,0
DA:90,0
DA:91,0
DA:94,0
DA:96,0
DA:97,0
DA:100,0
DA:101,0
DA:102,0
DA:104,0
DA:110,0
DA:111,0
DA:113,0
DA:114,0
DA:120,0
DA:121,0
DA:131,0
DA:136,0
DA:137,0
DA:140,0
DA:142,0
DA:147,0
DA:155,0
DA:157,0
DA:159,0
DA:160,0
LF:59
LH:0
BRDA:14,0,0,0
BRDA:15,1,0,0
BRDA:15,1,1,0
BRDA:29,2,0,0
BRDA:29,2,1,0
BRDA:46,3,0,0
BRDA:46,3,1,0
BRDA:50,4,0,0
BRDA:50,4,1,0
BRDA:63,5,0,0
BRDA:63,5,1,0
BRDA:65,6,0,0
BRDA:65,6,1,0
BRDA:84,7,0,0
BRDA:90,8,0,0
BRDA:90,8,1,0
BRDA:96,9,0,0
BRDA:96,9,1,0
BRDA:131,10,0,0
BRDA:131,10,1,0
BRDA:136,11,0,0
BRDA:136,11,1,0
BRF:22
BRH:0
end_of_record
TN:
SF:services\scheduledTasks.js
FN:6,(anonymous_0)
FN:7,(anonymous_1)
FN:26,(anonymous_2)
FNF:3
FNH:0
FNDA:0,(anonymous_0)
FNDA:0,(anonymous_1)
FNDA:0,(anonymous_2)
DA:6,0
DA:7,0
DA:8,0
DA:10,0
DA:11,0
DA:12,0
DA:16,0
DA:25,0
DA:26,0
DA:27,0
DA:33,0
DA:34,0
DA:35,0
DA:37,0
DA:38,0
DA:41,0
DA:42,0
DA:43,0
DA:44,0
DA:47,0
DA:55,0
DA:57,0
DA:62,0
DA:65,0
DA:68,0
DA:72,0
LF:26
LH:0
BRDA:27,0,0,0
BRDA:27,0,1,0
BRDA:27,0,2,0
BRDA:27,0,3,0
BRDA:42,1,0,0
BRDA:42,1,1,0
BRF:6
BRH:0
end_of_record
TN:
SF:services\sendremindermail.js
FN:18,(anonymous_0)
FN:91,(anonymous_1)
FNF:2
FNH:0
FNDA:0,(anonymous_0)
FNDA:0,(anonymous_1)
DA:4,0
DA:7,0
DA:18,0
DA:19,0
DA:20,0
DA:23,0
DA:24,0
DA:27,0
DA:31,0
DA:33,0
DA:34,0
DA:36,0
DA:37,0
DA:39,0
DA:40,0
DA:42,0
DA:46,0
DA:74,0
DA:81,0
DA:82,0
DA:83,0
DA:85,0
DA:86,0
DA:91,0
DA:92,0
DA:93,0
DA:102,0
DA:104,0
LF:28
LH:0
BRDA:23,0,0,0
BRDA:23,0,1,0
BRDA:24,1,0,0
BRDA:24,1,1,0
BRDA:27,2,0,0
BRDA:27,2,1,0
BRDA:31,3,0,0
BRDA:31,3,1,0
BRDA:31,3,2,0
BRDA:31,3,3,0
BRDA:52,4,0,0
BRDA:52,4,1,0
BRDA:55,5,0,0
BRDA:55,5,1,0
BRDA:77,6,0,0
BRDA:77,6,1,0
BRF:16
BRH:0
end_of_record
TN:
SF:utils\diagnostics.js
FN:2,(anonymous_0)
FN:18,(anonymous_1)
FN:42,(anonymous_2)
FN:51,(anonymous_3)
FN:53,(anonymous_4)
FN:57,(anonymous_5)
FN:62,(anonymous_6)
FN:66,(anonymous_7)
FNF:8
FNH:0
FNDA:0,(anonymous_0)
FNDA:0,(anonymous_1)
FNDA:0,(anonymous_2)
FNDA:0,(anonymous_3)
FNDA:0,(anonymous_4)
FNDA:0,(anonymous_5)
FNDA:0,(anonymous_6)
FNDA:0,(anonymous_7)
DA:2,0
DA:3,0
DA:4,0
DA:5,0
DA:8,0
DA:9,0
DA:12,0
DA:13,0
DA:14,0
DA:15,0
DA:16,0
DA:18,0
DA:19,0
DA:24,0
DA:27,0
DA:28,0
DA:29,0
DA:30,0
DA:31,0
DA:35,0
DA:36,0
DA:38,0
DA:39,0
DA:42,0
DA:43,0
DA:44,0
DA:45,0
DA:46,0
DA:47,0
DA:48,0
DA:51,0
DA:52,0
DA:53,0
DA:55,0
DA:56,0
DA:57,0
DA:58,0
DA:61,0
DA:62,0
DA:64,0
DA:65,0
DA:66,0
DA:67,0
LF:43
LH:0
BRDA:8,0,0,0
BRDA:8,0,1,0
BRDA:9,1,0,0
BRDA:9,1,1,0
BRDA:12,2,0,0
BRDA:12,2,1,0
BRDA:14,3,0,0
BRDA:14,3,1,0
BRDA:27,4,0,0
BRDA:27,4,1,0
BRDA:28,5,0,0
BRDA:28,5,1,0
BRDA:29,6,0,0
BRDA:29,6,1,0
BRDA:30,7,0,0
BRDA:30,7,1,0
BRDA:31,8,0,0
BRDA:31,8,1,0
BRDA:44,9,0,0
BRDA:44,9,1,0
BRDA:55,10,0,0
BRDA:55,10,1,0
BRDA:64,11,0,0
BRDA:64,11,1,0
BRF:24
BRH:0
end_of_record
TN:
SF:utils\emailService.js
FN:14,(anonymous_0)
FN:30,(anonymous_1)
FN:41,(anonymous_2)
FNF:3
FNH:0
FNDA:0,(anonymous_0)
FNDA:0,(anonymous_1)
FNDA:0,(anonymous_2)
DA:3,0
DA:14,0
DA:15,0
DA:27,0
DA:30,0
DA:31,0
DA:41,0
DA:42,0
DA:43,0
DA:45,0
LF:10
LH:0
BRDA:42,0,0,0
BRDA:42,0,1,0
BRF:2
BRH:0
end_of_record
TN:
SF:utils\mailer.js
FN:12,(anonymous_0)
FN:48,(anonymous_1)
FN:92,(anonymous_2)
FN:93,(anonymous_3)
FN:116,(anonymous_4)
FNF:5
FNH:0
FNDA:0,(anonymous_0)
FNDA:0,(anonymous_1)
FNDA:0,(anonymous_2)
FNDA:0,(anonymous_3)
FNDA:0,(anonymous_4)
DA:4,0
DA:7,0
DA:9,0
DA:10,0
DA:12,0
DA:16,0
DA:31,0
DA:34,0
DA:35,0
DA:36,0
DA:37,0
DA:38,0
DA:48,0
DA:49,0
DA:50,0
DA:53,0
DA:54,0
DA:55,0
DA:58,0
DA:59,0
DA:61,0
DA:92,0
DA:93,0
DA:94,0
DA:95,0
DA:96,0
DA:98,0
DA:99,0
DA:105,0
DA:106,0
DA:107,0
DA:109,0
DA:110,0
DA:116,0
DA:117,0
DA:119,0
DA:151,0
LF:37
LH:0
BRDA:19,0,0,0
BRDA:19,0,1,0
BRDA:22,1,0,0
BRDA:22,1,1,0
BRDA:37,2,0,0
BRDA:37,2,1,0
BRDA:48,3,0,0
BRDA:53,4,0,0
BRDA:53,4,1,0
BRDA:54,5,0,0
BRDA:54,5,1,0
BRDA:55,6,0,0
BRDA:55,6,1,0
BRDA:59,7,0,0
BRDA:59,7,1,0
BRDA:73,8,0,0
BRDA:73,8,1,0
BRDA:73,9,0,0
BRDA:73,9,1,0
BRDA:94,10,0,0
BRDA:94,10,1,0
BRF:21
BRH:0
end_of_record
TN:
SF:utils\paymentMailer.js
FN:5,(anonymous_0)
FN:18,(anonymous_1)
FN:106,(anonymous_2)
FN:194,(anonymous_3)
FN:309,(anonymous_4)
FN:409,(anonymous_5)
FNF:6
FNH:0
FNDA:0,(anonymous_0)
FNDA:0,(anonymous_1)
FNDA:0,(anonymous_2)
FNDA:0,(anonymous_3)
FNDA:0,(anonymous_4)
FNDA:0,(anonymous_5)
DA:5,0
DA:6,0
DA:18,0
DA:19,0
DA:20,0
DA:22,0
DA:96,0
DA:97,0
DA:100,0
DA:101,0
DA:106,0
DA:107,0
DA:108,0
DA:110,0
DA:184,0
DA:185,0
DA:188,0
DA:189,0
DA:194,0
DA:195,0
DA:196,0
DA:200,0
DA:201,0
DA:202,0
DA:203,0
DA:204,0
DA:205,0
DA:206,0
DA:207,0
DA:209,0
DA:210,0
DA:211,0
DA:214,0
DA:299,0
DA:300,0
DA:303,0
DA:304,0
DA:309,0
DA:310,0
DA:311,0
DA:313,0
DA:399,0
DA:400,0
DA:403,0
DA:404,0
DA:409,0
DA:410,0
DA:411,0
DA:412,0
DA:414,0
DA:466,0
DA:467,0
DA:470,0
DA:471,0
LF:54
LH:0
BRDA:7,0,0,0
BRDA:7,0,1,0
BRDA:8,1,0,0
BRDA:8,1,1,0
BRDA:73,2,0,0
BRDA:73,2,1,0
BRDA:200,3,0,0
BRDA:200,3,1,0
BRDA:204,4,0,0
BRDA:204,4,1,0
BRDA:229,5,0,0
BRDA:229,5,1,0
BRDA:231,6,0,0
BRDA:231,6,1,0
BRDA:248,7,0,0
BRDA:248,7,1,0
BRDA:253,8,0,0
BRDA:253,8,1,0
BRDA:412,9,0,0
BRDA:412,9,1,0
BRF:20
BRH:0
end_of_record
